Log file open, 02/17/18 15:39:55
LogWindows: Failed to load 'aqProf.dll' (GetLastError=126)
LogWindows: File 'aqProf.dll' does not exist
LogWindows: Failed to load 'VtuneApi.dll' (GetLastError=126)
LogWindows: File 'VtuneApi.dll' does not exist
LogWindows: Failed to load 'VtuneApi32e.dll' (GetLastError=126)
LogWindows: File 'VtuneApi32e.dll' does not exist
LogInit: Display: Running engine for game: Project_DriftTank
LogPlatformFile: Not using cached read wrapper
LogInit: Display: RandInit(-172403772) SRandInit(-172403772).
LogInit: Read version file with build ID '3709383'
LogInit: Overriding engine version to CL 3794801, compatible CL 3709383
LogInit: Registered custom module enumerator with build ID '3709383'
LogTaskGraph: Started task graph with 5 named threads and 14 total threads with 3 sets of task threads.
LogStats: Stats thread started at 0.199390
LogD3D11RHI: Aftermath initialized
LogModuleManager: Display: Found up-to-date module file ../../../Engine/Plugins/Runtime/PhysXVehicles/Binaries/Win64/UE4Editor-PhysXVehicles.dll (API version 3709383).
LogModuleManager: Display: Found up-to-date module file ../../../Engine/Plugins/Runtime/PhysXVehicles/Binaries/Win64/UE4Editor-PhysXVehiclesEditor.dll (API version 3709383).
LogModuleManager: Display: Found up-to-date module file ../../../Engine/Plugins/Experimental/RawInput/Binaries/Win64/UE4Editor-RawInput.dll (API version 3709383).
LogModuleManager: Display: Found up-to-date module file ../../../Engine/Plugins/2D/Paper2D/Binaries/Win64/UE4Editor-Paper2D.dll (API version 3709383).
LogModuleManager: Display: Found up-to-date module file ../../../Engine/Plugins/2D/Paper2D/Binaries/Win64/UE4Editor-Paper2DEditor.dll (API version 3709383).
LogModuleManager: Display: Found up-to-date module file ../../../Engine/Plugins/2D/Paper2D/Binaries/Win64/UE4Editor-PaperSpriteSheetImporter.dll (API version 3709383).
LogModuleManager: Display: Found up-to-date module file ../../../Engine/Plugins/2D/Paper2D/Binaries/Win64/UE4Editor-PaperTiledImporter.dll (API version 3709383).
LogModuleManager: Display: Found up-to-date module file ../../../Engine/Plugins/2D/Paper2D/Binaries/Win64/UE4Editor-SmartSnapping.dll (API version 3709383).
LogModuleManager: Display: Found up-to-date module file ../../../Engine/Plugins/Blendables/LightPropagationVolume/Binaries/Win64/UE4Editor-LightPropagationVolumeRuntime.dll (API version 3709383).
LogModuleManager: Display: Found up-to-date module file ../../../Engine/Plugins/Blendables/LightPropagationVolume/Binaries/Win64/UE4Editor-LightPropagationVolumeEditor.dll (API version 3709383).
LogModuleManager: Display: Found up-to-date module file ../../../Engine/Plugins/Developer/GitSourceControl/Binaries/Win64/UE4Editor-GitSourceControl.dll (API version 3709383).
LogModuleManager: Display: Found up-to-date module file ../../../Engine/Plugins/Developer/PerforceSourceControl/Binaries/Win64/UE4Editor-PerforceSourceControl.dll (API version 3709383).
LogModuleManager: Display: Found up-to-date module file ../../../Engine/Plugins/Developer/SubversionSourceControl/Binaries/Win64/UE4Editor-SubversionSourceControl.dll (API version 3709383).
LogModuleManager: Display: Found up-to-date module file ../../../Engine/Plugins/Developer/UObjectPlugin/Binaries/Win64/UE4Editor-UObjectPlugin.dll (API version 3709383).
LogModuleManager: Display: Found up-to-date module file ../../../Engine/Plugins/Developer/VisualStudioCodeSourceCodeAccess/Binaries/Win64/UE4Editor-VisualStudioCodeSourceCodeAccess.dll (API version 3709383).
LogModuleManager: Display: Found up-to-date module file ../../../Engine/Plugins/Developer/VisualStudioSourceCodeAccess/Binaries/Win64/UE4Editor-VisualStudioSourceCodeAccess.dll (API version 3709383).
LogModuleManager: Display: Found up-to-date module file ../../../Engine/Plugins/Editor/AssetManagerEditor/Binaries/Win64/UE4Editor-AssetManagerEditor.dll (API version 3709383).
LogModuleManager: Display: Found up-to-date module file ../../../Engine/Plugins/Editor/AudioCapture/Binaries/Win64/UE4Editor-AudioCapture.dll (API version 3709383).
LogModuleManager: Display: Found up-to-date module file ../../../Engine/Plugins/Editor/FacialAnimation/Binaries/Win64/UE4Editor-FacialAnimation.dll (API version 3709383).
LogModuleManager: Display: Found up-to-date module file ../../../Engine/Plugins/Editor/FacialAnimation/Binaries/Win64/UE4Editor-FacialAnimationEditor.dll (API version 3709383).
LogModuleManager: Display: Found up-to-date module file ../../../Engine/Plugins/Editor/GameplayTagsEditor/Binaries/Win64/UE4Editor-GameplayTagsEditor.dll (API version 3709383).
LogModuleManager: Display: Found up-to-date module file ../../../Engine/Plugins/Editor/MobileLauncherProfileWizard/Binaries/Win64/UE4Editor-MobileLauncherProfileWizard.dll (API version 3709383).
LogModuleManager: Display: Found up-to-date module file ../../../Engine/Plugins/Editor/PluginBrowser/Binaries/Win64/UE4Editor-PluginBrowser.dll (API version 3709383).
LogModuleManager: Display: Found up-to-date module file ../../../Engine/Plugins/Editor/SpeedTreeImporter/Binaries/Win64/UE4Editor-SpeedTreeImporter.dll (API version 3709383).
LogModuleManager: Display: Found up-to-date module file ../../../Engine/Plugins/Experimental/AlembicImporter/Binaries/Win64/UE4Editor-AlembicImporter.dll (API version 3709383).
LogModuleManager: Display: Found up-to-date module file ../../../Engine/Plugins/Experimental/AlembicImporter/Binaries/Win64/UE4Editor-AlembicLibrary.dll (API version 3709383).
LogModuleManager: Display: Found up-to-date module file ../../../Engine/Plugins/Experimental/CharacterAI/Binaries/Win64/UE4Editor-CharacterAI.dll (API version 3709383).
LogModuleManager: Display: Found up-to-date module file ../../../Engine/Plugins/Experimental/HTML5Networking/Binaries/Win64/UE4Editor-HTML5Networking.dll (API version 3709383).
LogModuleManager: Display: Found up-to-date module file ../../../Engine/Plugins/Media/AndroidMedia/Binaries/Win64/UE4Editor-AndroidMediaEditor.dll (API version 3709383).
LogModuleManager: Display: Found up-to-date module file ../../../Engine/Plugins/Media/AndroidMedia/Binaries/Win64/UE4Editor-AndroidMediaFactory.dll (API version 3709383).
LogModuleManager: Display: Found up-to-date module file ../../../Engine/Plugins/Media/AvfMedia/Binaries/Win64/UE4Editor-AvfMediaEditor.dll (API version 3709383).
LogModuleManager: Display: Found up-to-date module file ../../../Engine/Plugins/Media/AvfMedia/Binaries/Win64/UE4Editor-AvfMediaFactory.dll (API version 3709383).
LogModuleManager: Display: Found up-to-date module file ../../../Engine/Plugins/Media/AvfMedia/Binaries/Win64/UE4Editor-AvfMediaFactory.dll (API version 3709383).
LogModuleManager: Display: Found up-to-date module file ../../../Engine/Plugins/Media/ImgMedia/Binaries/Win64/UE4Editor-ImgMedia.dll (API version 3709383).
LogModuleManager: Display: Found up-to-date module file ../../../Engine/Plugins/Media/ImgMedia/Binaries/Win64/UE4Editor-ImgMediaEditor.dll (API version 3709383).
LogModuleManager: Display: Found up-to-date module file ../../../Engine/Plugins/Media/ImgMedia/Binaries/Win64/UE4Editor-ImgMediaFactory.dll (API version 3709383).
LogModuleManager: Display: Found up-to-date module file ../../../Engine/Plugins/Media/ImgMedia/Binaries/Win64/UE4Editor-ImgMediaFactory.dll (API version 3709383).
LogModuleManager: Display: Found up-to-date module file ../../../Engine/Plugins/Media/ImgMedia/Binaries/Win64/UE4Editor-OpenExrWrapper.dll (API version 3709383).
LogModuleManager: Display: Found up-to-date module file ../../../Engine/Plugins/Media/MediaCompositing/Binaries/Win64/UE4Editor-MediaCompositing.dll (API version 3709383).
LogModuleManager: Display: Found up-to-date module file ../../../Engine/Plugins/Media/MediaCompositing/Binaries/Win64/UE4Editor-MediaCompositingEditor.dll (API version 3709383).
LogModuleManager: Display: Found up-to-date module file ../../../Engine/Plugins/Media/MediaPlayerEditor/Binaries/Win64/UE4Editor-MediaPlayerEditor.dll (API version 3709383).
LogModuleManager: Display: Found up-to-date module file ../../../Engine/Plugins/Media/WmfMedia/Binaries/Win64/UE4Editor-WmfMedia.dll (API version 3709383).
LogModuleManager: Display: Found up-to-date module file ../../../Engine/Plugins/Media/WmfMedia/Binaries/Win64/UE4Editor-WmfMediaEditor.dll (API version 3709383).
LogModuleManager: Display: Found up-to-date module file ../../../Engine/Plugins/Media/WmfMedia/Binaries/Win64/UE4Editor-WmfMediaFactory.dll (API version 3709383).
LogModuleManager: Display: Found up-to-date module file ../../../Engine/Plugins/Media/WmfMedia/Binaries/Win64/UE4Editor-WmfMediaFactory.dll (API version 3709383).
LogModuleManager: Display: Found up-to-date module file ../../../Engine/Plugins/Messaging/TcpMessaging/Binaries/Win64/UE4Editor-TcpMessaging.dll (API version 3709383).
LogModuleManager: Display: Found up-to-date module file ../../../Engine/Plugins/Messaging/UdpMessaging/Binaries/Win64/UE4Editor-UdpMessaging.dll (API version 3709383).
LogModuleManager: Display: Found up-to-date module file ../../../Engine/Plugins/MovieScene/ActorSequence/Binaries/Win64/UE4Editor-ActorSequence.dll (API version 3709383).
LogModuleManager: Display: Found up-to-date module file ../../../Engine/Plugins/MovieScene/LevelSequenceEditor/Binaries/Win64/UE4Editor-LevelSequenceEditor.dll (API version 3709383).
LogModuleManager: Display: Found up-to-date module file ../../../Engine/Plugins/MovieScene/MatineeToLevelSequence/Binaries/Win64/UE4Editor-MatineeToLevelSequence.dll (API version 3709383).
LogModuleManager: Display: Found up-to-date module file ../../../Engine/Plugins/Online/OnlineSubsystem/Binaries/Win64/UE4Editor-OnlineSubsystem.dll (API version 3709383).
LogModuleManager: Display: Found up-to-date module file ../../../Engine/Plugins/Runtime/AndroidPermission/Binaries/Win64/UE4Editor-AndroidPermission.dll (API version 3709383).
LogModuleManager: Display: Found up-to-date module file ../../../Engine/Plugins/Online/OnlineSubsystemNull/Binaries/Win64/UE4Editor-OnlineSubsystemNull.dll (API version 3709383).
LogModuleManager: Display: Found up-to-date module file ../../../Engine/Plugins/Online/OnlineSubsystemUtils/Binaries/Win64/UE4Editor-OnlineSubsystemUtils.dll (API version 3709383).
LogModuleManager: Display: Found up-to-date module file ../../../Engine/Plugins/Online/OnlineSubsystemUtils/Binaries/Win64/UE4Editor-OnlineBlueprintSupport.dll (API version 3709383).
LogModuleManager: Display: Found up-to-date module file ../../../Engine/Plugins/Runtime/AndroidDeviceProfileSelector/Binaries/Win64/UE4Editor-AndroidDeviceProfileSelector.dll (API version 3709383).
LogModuleManager: Display: Found up-to-date module file ../../../Engine/Plugins/Runtime/AppleARKit/Binaries/Win64/UE4Editor-AppleARKit.dll (API version 3709383).
LogModuleManager: Display: Found up-to-date module file ../../../Engine/Plugins/Runtime/ArchVisCharacter/Binaries/Win64/UE4Editor-ArchVisCharacter.dll (API version 3709383).
LogModuleManager: Display: Found up-to-date module file ../../../Engine/Plugins/Runtime/CableComponent/Binaries/Win64/UE4Editor-CableComponent.dll (API version 3709383).
LogModuleManager: Display: Found up-to-date module file ../../../Engine/Plugins/Runtime/CustomMeshComponent/Binaries/Win64/UE4Editor-CustomMeshComponent.dll (API version 3709383).
LogModuleManager: Display: Found up-to-date module file ../../../Engine/Plugins/Runtime/ExampleDeviceProfileSelector/Binaries/Win64/UE4Editor-ExampleDeviceProfileSelector.dll (API version 3709383).
LogModuleManager: Display: Found up-to-date module file ../../../Engine/Plugins/Runtime/ImmediatePhysics/Binaries/Win64/UE4Editor-ImmediatePhysics.dll (API version 3709383).
LogModuleManager: Display: Found up-to-date module file ../../../Engine/Plugins/Runtime/ImmediatePhysics/Binaries/Win64/UE4Editor-ImmediatePhysicsEditor.dll (API version 3709383).
LogModuleManager: Display: Found up-to-date module file ../../../Engine/Plugins/Runtime/LocationServicesBPLibrary/Binaries/Win64/UE4Editor-LocationServicesBPLibrary.dll (API version 3709383).
LogModuleManager: Display: Found up-to-date module file ../../../Engine/Plugins/Runtime/MobilePatchingUtils/Binaries/Win64/UE4Editor-MobilePatchingUtils.dll (API version 3709383).
LogModuleManager: Display: Found up-to-date module file ../../../Engine/Plugins/Runtime/Oculus/OculusVR/Binaries/Win64/UE4Editor-OculusHMD.dll (API version 3709383).
LogModuleManager: Display: Found up-to-date module file ../../../Engine/Plugins/Runtime/Oculus/OculusVR/Binaries/Win64/UE4Editor-OculusInput.dll (API version 3709383).
LogModuleManager: Display: Found up-to-date module file ../../../Engine/Plugins/Runtime/Oculus/OculusVR/Binaries/Win64/UE4Editor-OculusEditor.dll (API version 3709383).
LogModuleManager: Display: Found up-to-date module file ../../../Engine/Plugins/Runtime/ProceduralMeshComponent/Binaries/Win64/UE4Editor-ProceduralMeshComponent.dll (API version 3709383).
LogModuleManager: Display: Found up-to-date module file ../../../Engine/Plugins/Runtime/ProceduralMeshComponent/Binaries/Win64/UE4Editor-ProceduralMeshComponentEditor.dll (API version 3709383).
LogModuleManager: Display: Found up-to-date module file ../../../Engine/Plugins/Runtime/RuntimePhysXCooking/Binaries/Win64/UE4Editor-RuntimePhysXCooking.dll (API version 3709383).
LogModuleManager: Display: Found up-to-date module file ../../../Engine/Plugins/Runtime/Steam/SteamVR/Binaries/Win64/UE4Editor-SteamVR.dll (API version 3709383).
LogModuleManager: Display: Found up-to-date module file ../../../Engine/Plugins/Runtime/Steam/SteamVR/Binaries/Win64/UE4Editor-SteamVRController.dll (API version 3709383).
LogModuleManager: Display: Found up-to-date module file ../../../Engine/Plugins/Runtime/WindowsMoviePlayer/Binaries/Win64/UE4Editor-WindowsMoviePlayer.dll (API version 3709383).
LogPluginManager: Mounting plugin Paper2D
LogPluginManager: Mounting plugin LightPropagationVolume
LogPluginManager: Mounting plugin CodeLiteSourceCodeAccess
LogPluginManager: Mounting plugin GitSourceControl
LogPluginManager: Mounting plugin KDevelopSourceCodeAccess
LogPluginManager: Mounting plugin NullSourceCodeAccess
LogPluginManager: Mounting plugin PerforceSourceControl
LogPluginManager: Mounting plugin SubversionSourceControl
LogPluginManager: Mounting plugin UObjectPlugin
LogPluginManager: Mounting plugin VisualStudioCodeSourceCodeAccess
LogPluginManager: Mounting plugin VisualStudioSourceCodeAccess
LogPluginManager: Mounting plugin XCodeSourceCodeAccess
LogPluginManager: Mounting plugin AssetManagerEditor
LogPluginManager: Mounting plugin AudioCapture
LogPluginManager: Mounting plugin FacialAnimation
LogPluginManager: Mounting plugin GameplayTagsEditor
LogPluginManager: Mounting plugin MobileLauncherProfileWizard
LogPluginManager: Mounting plugin PluginBrowser
LogPluginManager: Mounting plugin SpeedTreeImporter
LogPluginManager: Mounting plugin AlembicImporter
LogPluginManager: Mounting plugin CharacterAI
LogPluginManager: Mounting plugin HTML5Networking
LogPluginManager: Mounting plugin RawInput
LogPluginManager: Mounting plugin AndroidMedia
LogPluginManager: Mounting plugin AvfMedia
LogPluginManager: Mounting plugin ImgMedia
LogPluginManager: Mounting plugin MediaCompositing
LogPluginManager: Mounting plugin MediaPlayerEditor
LogPluginManager: Mounting plugin WmfMedia
LogPluginManager: Mounting plugin TcpMessaging
LogPluginManager: Mounting plugin UdpMessaging
LogPluginManager: Mounting plugin ActorSequence
LogPluginManager: Mounting plugin LevelSequenceEditor
LogPluginManager: Mounting plugin MatineeToLevelSequence
LogPluginManager: Mounting plugin OnlineSubsystemGooglePlay
LogPluginManager: Mounting plugin OnlineSubsystemIOS
LogPluginManager: Mounting plugin OnlineSubsystem
LogPluginManager: Mounting plugin OnlineSubsystemNull
LogPluginManager: Mounting plugin OnlineSubsystemUtils
LogPluginManager: Mounting plugin AndroidDeviceProfileSelector
LogPluginManager: Mounting plugin AndroidMoviePlayer
LogPluginManager: Mounting plugin AndroidPermission
LogPluginManager: Mounting plugin AppleARKit
LogPluginManager: Mounting plugin AppleMoviePlayer
LogPluginManager: Mounting plugin ArchVisCharacter
LogPluginManager: Mounting plugin CableComponent
LogPluginManager: Mounting plugin CustomMeshComponent
LogPluginManager: Mounting plugin ExampleDeviceProfileSelector
LogPluginManager: Mounting plugin GoogleCloudMessaging
LogPluginManager: Mounting plugin ImmediatePhysics
LogPluginManager: Mounting plugin IOSDeviceProfileSelector
LogPluginManager: Mounting plugin LinuxDeviceProfileSelector
LogPluginManager: Mounting plugin LocationServicesBPLibrary
LogPluginManager: Mounting plugin MobilePatchingUtils
LogPluginManager: Mounting plugin OculusVR
LogPluginManager: Plugin shader directory ../../../Engine/Plugins/Runtime/Oculus/OculusVR/Shaders found
LogPluginManager: Mapping shader source directory ../../../Engine/Plugins/Runtime/Oculus/OculusVR/Shaders to virtual directory /Plugin/OculusVR
LogPluginManager: Mounting plugin PhysXVehicles
LogPluginManager: Mounting plugin ProceduralMeshComponent
LogPluginManager: Mounting plugin RuntimePhysXCooking
LogPluginManager: Mounting plugin SteamVR
LogPluginManager: Mounting plugin WindowsMoviePlayer
LogInit: Using libcurl 7.47.1
LogInit:  - built for x86_64-pc-win32
LogInit:  - supports SSL with OpenSSL/1.0.2g
LogInit:  - supports HTTP deflate (compression) using libz 1.2.8
LogInit:  - other features:
LogInit:      CURL_VERSION_SSL
LogInit:      CURL_VERSION_LIBZ
LogInit:      CURL_VERSION_IPV6
LogInit:      CURL_VERSION_ASYNCHDNS
LogInit:      CURL_VERSION_LARGEFILE
LogInit:      CURL_VERSION_IDN
LogInit:  CurlRequestOptions (configurable via config and command line):
LogInit:  - bVerifyPeer = false  - Libcurl will NOT verify peer certificate
LogInit:  - bUseHttpProxy = false  - Libcurl will NOT use HTTP proxy
LogInit:  - bDontReuseConnections = false  - Libcurl will reuse connections
LogInit:  - CertBundlePath = nullptr  - Libcurl will use whatever was configured at build time.
LogInit: Build: ++UE4+Release-4.18-CL-3794801
LogInit: Engine Version: 4.18.2-3794801+++UE4+Release-4.18
LogInit: Compatible Engine Version: 4.18.0-3709383+++UE4+Release-4.18
LogInit: Net CL: 3709383
LogDevObjectVersion: Number of dev versions registered: 16
LogDevObjectVersion:   Dev-Blueprints (B0D832E4-1F89-4F0D-ACCF-7EB736FD4AA2): 10
LogDevObjectVersion:   Dev-Build (E1C64328-A22C-4D53-A36C-8E866417BD8C): 0
LogDevObjectVersion:   Dev-Core (375EC13C-06E4-48FB-B500-84F0262A717E): 2
LogDevObjectVersion:   Dev-Editor (E4B068ED-F494-42E9-A231-DA0B2E46BB41): 20
LogDevObjectVersion:   Dev-Framework (CFFC743F-43B0-4480-9391-14DF171D2073): 30
LogDevObjectVersion:   Dev-Mobile (B02B49B5-BB20-44E9-A304-32B752E40360): 0
LogDevObjectVersion:   Dev-Networking (A4E4105C-59A1-49B5-A7C5-40C4547EDFEE): 0
LogDevObjectVersion:   Dev-Online (39C831C9-5AE6-47DC-9A44-9C173E1C8E7C): 0
LogDevObjectVersion:   Dev-Physics (78F01B33-EBEA-4F98-B9B4-84EACCB95AA2): 0
LogDevObjectVersion:   Dev-Platform (6631380F-2D4D-43E0-8009-CF276956A95A): 0
LogDevObjectVersion:   Dev-Rendering (12F88B9F-8875-4AFC-A67C-D90C383ABD29): 20
LogDevObjectVersion:   Dev-Sequencer (7B5AE74C-D270-4C10-A958-57980B212A5A): 4
LogDevObjectVersion:   Dev-VR (D7296918-1DD6-4BDD-9DE2-64A83CC13884): 0
LogDevObjectVersion:   Dev-LoadTimes (C2A15278-BFE7-4AFE-6C17-90FF531DF755): 1
LogDevObjectVersion:   Private-Geometry (6EACA3D4-40EC-4CC1-B786-8BED09428FC5): 1
LogDevObjectVersion:   Dev-AnimPhys (29E575DD-E0A3-4627-9D10-D276232CDCEA): 12
LogInit: Compiled (64-bit): Dec  8 2017 02:04:53
LogInit: Compiled with Visual C++: 19.00.24215.01
LogInit: Build Configuration: Development
LogInit: Branch Name: ++UE4+Release-4.18
LogInit: Command line:  
LogInit: Base directory: D:/Data Desktop/Epic Games/UE_4.18/Engine/Binaries/Win64/
LogInit: Installed Engine Build: 1
LogInit: Presizing for max 8388607 objects, including 0 objects not considered by GC, pre-allocating 0 bytes for permanent pool.
LogInit: Object subsystem initialized
[2018.02.17-20.39.59:737][  0]LogInit: Selected Device Profile: [Windows]
[2018.02.17-20.39.59:737][  0]LogInit: Applying CVar settings loaded from the selected device profile: [Windows]
[2018.02.17-20.39.59:750][  0]LogInit: Computer: PATRICK-PC
[2018.02.17-20.39.59:750][  0]LogInit: User: patrick
[2018.02.17-20.39.59:750][  0]LogInit: CPU Page size=4096, Cores=4
[2018.02.17-20.39.59:750][  0]LogInit: High frequency timer resolution =2.435779 MHz
[2018.02.17-20.39.59:750][  0]LogMemory: Memory total: Physical=15.9GB (16GB approx)
[2018.02.17-20.39.59:750][  0]LogMemory: Platform Memory Stats for Windows
[2018.02.17-20.39.59:750][  0]LogMemory: Process Physical Memory: 273.96 MB used, 273.96 MB peak
[2018.02.17-20.39.59:750][  0]LogMemory: Process Virtual Memory: 276.89 MB used, 276.89 MB peak
[2018.02.17-20.39.59:750][  0]LogMemory: Physical Memory: 7367.05 MB used,  8934.66 MB free, 16301.70 MB total
[2018.02.17-20.39.59:750][  0]LogMemory: Virtual Memory: 689.53 MB used,  8934.66 MB free, 134217728.00 MB total
[2018.02.17-20.40.00:400][  0]LogInit: Using OS detected language (en-US).
[2018.02.17-20.40.00:400][  0]LogInit: Using OS detected locale (en-US).
[2018.02.17-20.40.00:407][  0]LogTextLocalizationManager: No specific localization for 'en-US' exists, so the 'en' localization will be used.
[2018.02.17-20.40.01:557][  0]LogD3D11RHI: D3D11 adapters:
[2018.02.17-20.40.01:611][  0]LogD3D11RHI:    0. 'NVIDIA GeForce GTX 970M' (Feature Level 11_0)
[2018.02.17-20.40.01:611][  0]LogD3D11RHI:       6108/0/8150 MB DedicatedVideo/DedicatedSystem/SharedSystem, Outputs:1, VendorId:0x10de
[2018.02.17-20.40.01:619][  0]LogD3D11RHI:    1. 'Intel(R) HD Graphics 4600' (Feature Level 11_0)
[2018.02.17-20.40.01:619][  0]LogD3D11RHI:       112/0/2048 MB DedicatedVideo/DedicatedSystem/SharedSystem, Outputs:0, VendorId:0x8086
[2018.02.17-20.40.01:622][  0]LogD3D11RHI:    2. 'Microsoft Basic Render Driver' (Feature Level 11_0)
[2018.02.17-20.40.01:622][  0]LogD3D11RHI:       0/0/8150 MB DedicatedVideo/DedicatedSystem/SharedSystem, Outputs:0, VendorId:0x1414
[2018.02.17-20.40.01:622][  0]LogD3D11RHI: Chosen D3D11 Adapter: 0
[2018.02.17-20.40.01:631][  0]LogD3D11RHI: Creating new Direct3DDevice
[2018.02.17-20.40.01:631][  0]LogD3D11RHI:     GPU DeviceId: 0x13d8 (for the marketing name, search the web for "GPU Device Id")
[2018.02.17-20.40.01:631][  0]LogWindows: EnumDisplayDevices:
[2018.02.17-20.40.01:631][  0]LogWindows:    0. 'Intel(R) HD Graphics 4600' (P:1 D:1)
[2018.02.17-20.40.01:632][  0]LogWindows:    1. 'Intel(R) HD Graphics 4600' (P:0 D:0)
[2018.02.17-20.40.01:632][  0]LogWindows:    2. 'Intel(R) HD Graphics 4600' (P:0 D:0)
[2018.02.17-20.40.01:632][  0]LogWindows: DebugString: GetVideoDriverDetailsInvalid PrimaryIsNotTheChoosenAdapter GetVideoDriverDetailsInvalid PrimaryIsNotTheChoosenAdapter GetVideoDriverDetailsInvalid PrimaryIsNotTheChoosenAdapter FoundDriverCount:0 
[2018.02.17-20.40.01:632][  0]LogD3D11RHI:     Adapter Name: NVIDIA GeForce GTX 970M
[2018.02.17-20.40.01:632][  0]LogD3D11RHI:   Driver Version: Unknown (internal:Unknown, unified:Unknown)
[2018.02.17-20.40.01:632][  0]LogD3D11RHI:      Driver Date: Unknown
[2018.02.17-20.40.01:632][  0]LogRHI: Texture pool is 4276 MB (70% of 6108 MB)
[2018.02.17-20.40.01:662][  0]LogD3D11RHI: Async texture creation enabled
[2018.02.17-20.40.01:676][  0]LogD3D11RHI: GPU Timing Frequency: 1000.000000 (Debug: 2 1)
[2018.02.17-20.40.01:676][  0]LogShaderCompilers: Guid format shader working directory is 18 characters bigger than the processId version (../../../../Project_DriftTank/Intermediate/Shaders/WorkingDirectory/15960/).
[2018.02.17-20.40.01:677][  0]LogShaderCompilers: Cleaned the shader compiler working directory 'C:/Users/patrick/AppData/Local/Temp/UnrealShaderWorkingDir/154EF520456BF3A7832DD3AABDAF95A0/'.
[2018.02.17-20.40.01:677][  0]LogShaderCompilers: Display: Using Local Shader Compiler.
[2018.02.17-20.40.03:143][  0]LogTemp: Display: Loaded TP AllDesktopTargetPlatform
[2018.02.17-20.40.03:389][  0]LogTemp: Display: Loaded TP MacClientTargetPlatform
[2018.02.17-20.40.03:594][  0]LogTemp: Display: Loaded TP MacNoEditorTargetPlatform
[2018.02.17-20.40.03:815][  0]LogTemp: Display: Loaded TP MacServerTargetPlatform
[2018.02.17-20.40.04:037][  0]LogTemp: Display: Loaded TP MacTargetPlatform
[2018.02.17-20.40.04:238][  0]LogTemp: Display: Loaded TP WindowsClientTargetPlatform
[2018.02.17-20.40.04:459][  0]LogTemp: Display: Loaded TP WindowsNoEditorTargetPlatform
[2018.02.17-20.40.04:661][  0]LogTemp: Display: Loaded TP WindowsServerTargetPlatform
[2018.02.17-20.40.04:863][  0]LogTemp: Display: Loaded TP WindowsTargetPlatform
[2018.02.17-20.40.05:093][  0]LogTemp: Display: Loaded TP Android_ASTCTargetPlatform
[2018.02.17-20.40.05:323][  0]LogTemp: Display: Loaded TP Android_ATCTargetPlatform
[2018.02.17-20.40.05:557][  0]LogTemp: Display: Loaded TP Android_DXTTargetPlatform
[2018.02.17-20.40.05:826][  0]LogTemp: Display: Loaded TP Android_ETC1TargetPlatform
[2018.02.17-20.40.06:060][  0]LogTemp: Display: Loaded TP Android_ETC2TargetPlatform
[2018.02.17-20.40.06:502][  0]LogTemp: Display: Loaded TP Android_MultiTargetPlatform
[2018.02.17-20.40.06:502][  0]LogTemp: Display: Loaded TP Android_PVRTCTargetPlatform
[2018.02.17-20.40.06:723][  0]LogTemp: Display: Loaded TP AndroidTargetPlatform
[2018.02.17-20.40.06:920][  0]LogTemp: Display: Loaded TP HTML5TargetPlatform
[2018.02.17-20.40.07:265][  0]LogTemp: Display: Loaded TP IOSTargetPlatform
[2018.02.17-20.40.07:366][  0]LogTemp: Display: Loaded TP TVOSTargetPlatform
[2018.02.17-20.40.07:598][  0]LogTemp: Display: Loaded TP LinuxClientTargetPlatform
[2018.02.17-20.40.07:821][  0]LogTemp: Display: Loaded TP LinuxNoEditorTargetPlatform
[2018.02.17-20.40.08:014][  0]LogTemp: Display: Loaded TP LinuxServerTargetPlatform
[2018.02.17-20.40.08:204][  0]LogTemp: Display: Loaded TP LinuxTargetPlatform
[2018.02.17-20.40.08:204][  0]LogTargetPlatformManager: Display: Building Assets For Windows
[2018.02.17-20.40.10:273][  0]LogDerivedDataCache: Display: Max Cache Size: 512 MB
[2018.02.17-20.40.10:355][  0]LogDerivedDataCache: Loaded boot cache 0.08s 78MB C:/Users/patrick/AppData/Local/UnrealEngine/4.18/DerivedDataCache/Boot.ddc.
[2018.02.17-20.40.10:355][  0]LogDerivedDataCache: Display: Loaded Boot cache: C:/Users/patrick/AppData/Local/UnrealEngine/4.18/DerivedDataCache/Boot.ddc
[2018.02.17-20.40.10:355][  0]LogDerivedDataCache: FDerivedDataBackendGraph:  Pak pak cache file ../../../../Project_DriftTank/DerivedDataCache/DDC.ddp not found, will not use a pak cache.
[2018.02.17-20.40.10:355][  0]LogDerivedDataCache: Unable to find inner node Pak for hierarchical cache Hierarchy.
[2018.02.17-20.40.10:355][  0]LogDerivedDataCache: FDerivedDataBackendGraph:  CompressedPak pak cache file ../../../../Project_DriftTank/DerivedDataCache/Compressed.ddp not found, will not use a pak cache.
[2018.02.17-20.40.10:355][  0]LogDerivedDataCache: Unable to find inner node CompressedPak for hierarchical cache Hierarchy.
[2018.02.17-20.40.10:380][  0]LogDerivedDataCache: Display: Pak cache opened for reading ../../../Engine/DerivedDataCache/Compressed.ddp.
[2018.02.17-20.40.10:395][  0]LogDerivedDataCache: Using Local data cache path C:/Users/patrick/AppData/Local/UnrealEngine/Common/DerivedDataCache: Writable
[2018.02.17-20.40.10:408][  0]LogMaterial: Verifying Global Shaders for PCD3D_SM5
[2018.02.17-20.40.10:408][  0]LogSlate: Using Freetype 2.6.0
[2018.02.17-20.40.10:410][  0]LogSlate: SlateFontCache - WITH_FREETYPE: 1, WITH_HARFBUZZ: 1
[2018.02.17-20.40.10:410][  0]LogSlate: SlateFontCache - WITH_FREETYPE: 1, WITH_HARFBUZZ: 1
[2018.02.17-20.40.11:140][  0]LogInit: Selected Device Profile: [Windows]
[2018.02.17-20.40.12:345][  0]LogSimplygon: Simplygon DLL not present - disabling.
[2018.02.17-20.40.12:573][  0]LogMeshReduction: Using SimplygonSwarm for distributed automatic mesh merging
[2018.02.17-20.40.12:573][  0]LogMeshReduction: Using QuadricMeshReduction for automatic static mesh reduction
[2018.02.17-20.40.12:574][  0]LogMeshReduction: No automatic skeletal mesh reduction module available
[2018.02.17-20.40.12:574][  0]LogMeshReduction: No automatic mesh merging module available
[2018.02.17-20.40.12:574][  0]LogMeshMerging: No automatic mesh merging module available
[2018.02.17-20.40.12:630][  0]LogNetVersion: Project_DriftTank , NetCL: 3709383, EngineNetVer: 2, GameNetVer: 0 (Checksum: 1299574986)
[2018.02.17-20.40.13:013][  0]LogAssetRegistry: FAssetRegistry took 0.0320 seconds to start up
[2018.02.17-20.40.14:231][  0]LogPackageLocalizationCache: Processed 7 localized package path(s) for 2 prioritized culture(s) in 0.178102 seconds
[2018.02.17-20.40.14:241][  0]LogUObjectArray: 35900 objects as part of root set at end of initial load.
[2018.02.17-20.40.14:241][  0]LogUObjectAllocator: 7372024 out of 0 bytes used by permanent object pool.
[2018.02.17-20.40.14:241][  0]LogUObjectArray: CloseDisregardForGC: 0/0 objects in disregard for GC pool
[2018.02.17-20.40.14:572][  0]LogInit: WinSock: version 1.1 (2.2), MaxSocks=32767, MaxUdp=65467
[2018.02.17-20.40.23:137][  0]LogTcpMessaging: Initializing TcpMessaging bridge
[2018.02.17-20.40.23:263][  0]LogUdpMessaging: Initializing bridge on interface 0.0.0.0:0 to multicast group 230.0.0.1:6666.
[2018.02.17-20.40.26:464][  0]LogMaterial: Uniform references updated for custom material expression Custom.
[2018.02.17-20.40.28:516][  0]SourceControl: Source control is disabled
[2018.02.17-20.40.28:516][  0]SourceControl: Source control is disabled
[2018.02.17-20.40.28:740][  0]SourceControl: Source control is disabled
[2018.02.17-20.40.28:959][  0]SourceControl: Source control is disabled
[2018.02.17-20.40.32:941][  0]LogAndroidPermission: UAndroidPermissionCallbackProxy::GetInstance
[2018.02.17-20.40.34:086][  0]LogOcInput: OculusInput pre-init called
[2018.02.17-20.40.35:230][  0]LogEngine: Initializing Engine...
[2018.02.17-20.40.35:232][  0]LogHMD: Failed to initialize OpenVR with code 110
[2018.02.17-20.40.35:504][  0]LogStats: UGameplayTagsManager::ConstructGameplayTagTree: Construct from data asset -  0.000 s
[2018.02.17-20.40.35:504][  0]LogStats: UGameplayTagsManager::ConstructGameplayTagTree: GameplayTagTreeChangedEvent.Broadcast -  0.000 s
[2018.02.17-20.40.36:094][  0]LogAIModule: Creating AISystem for world Untitled
[2018.02.17-20.40.36:105][  0]LogInit: XAudio2 using 'Speakers (Realtek High Definition Audio)' : 2 channels at 48 kHz using 32 bits per sample (channel mask 0x3)
[2018.02.17-20.40.36:131][  0]LogInit: FAudioDevice initialized.
[2018.02.17-20.40.36:218][  0]LogDerivedDataCache: Saved boot cache 0.09s 78MB C:/Users/patrick/AppData/Local/UnrealEngine/4.18/DerivedDataCache/Boot.ddc.
[2018.02.17-20.40.36:234][  0]LogInit: Texture streaming: Enabled
[2018.02.17-20.40.36:702][  0]LogEngineSessionManager: EngineSessionManager initialized
[2018.02.17-20.40.37:305][  0]LogInit: Transaction tracking system initialized
[2018.02.17-20.40.38:921][  0]BlueprintLog: New page: Editor Load
[2018.02.17-20.40.43:680][  0]LocalizationService: Localization service is disabled
[2018.02.17-20.40.48:083][  0]LogConsoleResponse: Display: 
[2018.02.17-20.40.48:562][  0]LogCook: Display: Max memory allowance for cook 16384mb min free memory 0mb
[2018.02.17-20.40.48:562][  0]LogCook: Display: Mobile HDR setting 1
[2018.02.17-20.40.48:562][  0]LogGameplayTags: Display: UGameplayTagsManager::DoneAddingNativeTags. DelegateIsBound: 0
[2018.02.17-20.40.49:379][  0]LogFileCache: Scanning file cache for directory 'D:/Data Desktop/Epic Games/Project_DriftTank/Content/' took 0.02s
[2018.02.17-20.40.55:210][  0]SourceControl: Source control is disabled
[2018.02.17-20.40.55:210][  0]Cmd: MAP LOAD FILE="../../../../Project_DriftTank/Content/VehicleBP/Maps/VehicleExampleMap.umap" TEMPLATE=0 SHOWPROGRESS=1 FEATURELEVEL=3
[2018.02.17-20.40.55:211][  0]LightingResults: New page: Lighting Build
[2018.02.17-20.40.55:413][  0]MapCheck: New page: Map Check
[2018.02.17-20.40.55:413][  0]LightingResults: New page: Lighting Build
[2018.02.17-20.40.56:075][  0]LogAIModule: Creating AISystem for world VehicleExampleMap
[2018.02.17-20.40.56:090][  0]LogEditorServer: Finished looking for orphan Actors (0.000 secs)
[2018.02.17-20.40.56:106][  0]Cmd: MAP CHECKDEP NOCLEARLOG
[2018.02.17-20.40.56:321][  0]MapCheck: Map check complete: 0 Error(s), 0 Warning(s), took 213.886ms to complete.
[2018.02.17-20.40.56:321][  0]LogFileHelpers: Loading map 'VehicleExampleMap' took 1.111
[2018.02.17-20.40.56:548][  0]LogCollectionManager: Loaded 0 collections in 0.001647 seconds
[2018.02.17-20.40.56:832][  0]LogFileCache: Scanning file cache for directory 'D:/Data Desktop/Epic Games/Project_DriftTank/Saved/Collections/' took 0.01s
[2018.02.17-20.40.56:832][  0]LogFileCache: Scanning file cache for directory 'D:/Data Desktop/Epic Games/Project_DriftTank/Content/Developers/patrick/Collections/' took 0.01s
[2018.02.17-20.40.56:832][  0]LogFileCache: Scanning file cache for directory 'D:/Data Desktop/Epic Games/Project_DriftTank/Content/Collections/' took 0.01s
[2018.02.17-20.40.56:832][  0]LogCollectionManager: Rebuilt the GUID cache for 0 collections in 0.000000 seconds
[2018.02.17-20.40.56:844][  0]LogContentBrowser: Native class hierarchy populated in 0.0117 seconds. Added 2365 classes and 522 folders.
[2018.02.17-20.40.57:206][  0]LogContentBrowser: Native class hierarchy updated for 'WidgetCarousel' in 0.0005 seconds. Added 0 classes and 0 folders.
[2018.02.17-20.40.57:356][  0]LogContentBrowser: Native class hierarchy updated for 'AddContentDialog' in 0.0005 seconds. Added 0 classes and 0 folders.
[2018.02.17-20.40.57:612][  0]LogContentBrowser: Native class hierarchy updated for 'SceneOutliner' in 0.0004 seconds. Added 1 classes and 2 folders.
[2018.02.17-20.40.57:740][  0]LogSlate: Took 0.000886 seconds to synchronously load lazily loaded font '../../../Engine/Content/Slate/Fonts/Roboto-Regular.ttf' (155K)
[2018.02.17-20.40.57:744][  0]LogSlate: Took 0.000622 seconds to synchronously load lazily loaded font '../../../Engine/Content/Slate/Fonts/Roboto-Bold.ttf' (160K)
[2018.02.17-20.40.57:757][  0]LogSlate: Took 0.000925 seconds to synchronously load lazily loaded font '../../../Engine/Content/Editor/Slate/Fonts/FontAwesome.ttf' (139K)
[2018.02.17-20.40.57:924][  0]LogRenderer: Reallocating scene render targets to support 1052x676 Format 10 NumSamples 1 (Frame:1).
[2018.02.17-20.40.58:341][  0]LogContentBrowser: Native class hierarchy updated for 'HierarchicalLODOutliner' in 0.0006 seconds. Added 1 classes and 2 folders.
[2018.02.17-20.40.58:341][  0]LogLoad: (Engine Initialization) Total time: 64.58 seconds
[2018.02.17-20.40.58:341][  0]LogLoad: (Engine Initialization) Total Blueprint compile time: 0.00 seconds
[2018.02.17-20.40.58:342][  0]LogExternalProfiler: Found external profiler: VSPerf
[2018.02.17-20.40.58:342][  0]LogExternalProfiler: Using external profiler: VSPerf
[2018.02.17-20.40.58:682][  0]LogRawInputWindows: Warning: Found device 0 devices
[2018.02.17-20.40.58:682][  0]LogRawInputWindows: Warning: Found device 0 devices
[2018.02.17-20.40.58:682][  0]LogRawInputWindows: Warning: Device was registered succesfully but not connected (Usage:4 UsagePage:1)
[2018.02.17-20.40.58:682][  0]LogRawInputWindows: Warning: Found device 1 devices
[2018.02.17-20.40.58:682][  0]LogRawInputWindows: Warning: Device was registered succesfully but not connected (Usage:5 UsagePage:1)
[2018.02.17-20.40.58:710][  0]LogContentStreaming: Texture pool size now 1000 MB
[2018.02.17-20.40.58:773][  0]LogSlate: Took 0.000507 seconds to synchronously load lazily loaded font '../../../Engine/Content/Slate/Fonts/Roboto-Light.ttf' (159K)
[2018.02.17-20.40.59:354][  2]LogAssetRegistry: Asset discovery search completed in 46.3632 seconds
[2018.02.17-20.40.59:357][  2]LogCollectionManager: Rebuilt the object cache for 0 collections in 0.000000 seconds (found 0 objects)
[2018.02.17-20.40.59:357][  2]LogCollectionManager: Fixed up redirectors for 0 collections in 0.000097 seconds (updated 0 objects)
[2018.02.17-20.40.59:702][  3]LogSlate: Took 0.000858 seconds to synchronously load lazily loaded font '../../../Engine/Content/Slate/Fonts/Roboto-Light.ttf' (159K)
[2018.02.17-20.41.36:775][214]LogEditorViewport: Clicking on Actor (LMB): BP_Tank_Base_Pawn_C (BP_Tank_Base_Pawn)
[2018.02.17-20.41.53:901][210]LogSlate: Took 0.000434 seconds to synchronously load lazily loaded font '../../../Engine/Content/Slate/Fonts/Roboto-Light.ttf' (159K)
[2018.02.17-20.41.54:421][210]LogContentBrowser: Native class hierarchy updated for 'BlueprintGraph' in 0.0007 seconds. Added 116 classes and 0 folders.
[2018.02.17-20.41.55:255][210]LogSlate: Took 0.000467 seconds to synchronously load lazily loaded font '../../../Engine/Content/Editor/Slate/Fonts/Roboto-BoldCondensed.ttf' (158K)
[2018.02.17-20.41.55:407][211]LogSlate: Took 0.000540 seconds to synchronously load lazily loaded font '../../../Engine/Content/Editor/Slate/Fonts/Roboto-Italic.ttf' (157K)
[2018.02.17-20.42.26:237][ 24]LogTemp: Repeating last play command: Selected Viewport
[2018.02.17-20.42.26:282][ 24]LogBlueprintUserMessages: Early PlayInEditor Detection: Level '/Game/VehicleBP/Maps/VehicleExampleMap.VehicleExampleMap:PersistentLevel' has LevelScriptBlueprint '/Game/VehicleBP/Maps/VehicleExampleMap.VehicleExampleMap:PersistentLevel.VehicleExampleMap' with GeneratedClass '/Game/VehicleBP/Maps/VehicleExampleMap.VehicleExampleMap_C' with ClassGeneratedBy '/Game/VehicleBP/Maps/VehicleExampleMap.VehicleExampleMap:PersistentLevel.VehicleExampleMap'
[2018.02.17-20.42.26:282][ 24]LogPlayLevel: PlayLevel: No blueprints needed recompiling
[2018.02.17-20.42.26:283][ 24]PIE: New page: PIE session: VehicleExampleMap (Feb 17, 2018, 10:42:26 AM)
[2018.02.17-20.42.26:283][ 24]LogPlayLevel: Creating play world package: /Game/VehicleBP/Maps/UEDPIE_0_VehicleExampleMap
[2018.02.17-20.42.26:313][ 24]LogPlayLevel: PIE: StaticDuplicateObject took: (0.029939s)
[2018.02.17-20.42.26:314][ 24]LogAIModule: Creating AISystem for world VehicleExampleMap
[2018.02.17-20.42.26:315][ 24]LogPlayLevel: PIE: World Init took: (0.001635s)
[2018.02.17-20.42.26:315][ 24]LogPlayLevel: PIE: Created PIE world by copying editor world from /Game/VehicleBP/Maps/VehicleExampleMap.VehicleExampleMap to /Game/VehicleBP/Maps/UEDPIE_0_VehicleExampleMap.VehicleExampleMap (0.032109s)
[2018.02.17-20.42.26:378][ 24]LogInit: XAudio2 using 'Speakers (Realtek High Definition Audio)' : 2 channels at 48 kHz using 32 bits per sample (channel mask 0x3)
[2018.02.17-20.42.26:397][ 24]LogInit: FAudioDevice initialized.
[2018.02.17-20.42.26:445][ 24]LogLoad: Game class is 'VehicleGameMode_C'
[2018.02.17-20.42.26:452][ 24]LogWorld: Bringing World /Game/VehicleBP/Maps/UEDPIE_0_VehicleExampleMap.VehicleExampleMap up for play (max tick rate 60) at 2018.02.17-15.42.26
[2018.02.17-20.42.26:452][ 24]LogWorld: Bringing up level for play took: 0.002688
[2018.02.17-20.42.26:659][ 24]LogContentBrowser: Native class hierarchy updated for 'MovieSceneCapture' in 0.0004 seconds. Added 11 classes and 0 folders.
[2018.02.17-20.42.26:660][ 24]PIE: Play in editor start time for /Game/VehicleBP/Maps/UEDPIE_0_VehicleExampleMap 0.929
[2018.02.17-20.42.26:660][ 24]LogBlueprintUserMessages: Late PlayInEditor Detection: Level '/Game/VehicleBP/Maps/VehicleExampleMap.VehicleExampleMap:PersistentLevel' has LevelScriptBlueprint '/Game/VehicleBP/Maps/VehicleExampleMap.VehicleExampleMap:PersistentLevel.VehicleExampleMap' with GeneratedClass '/Game/VehicleBP/Maps/VehicleExampleMap.VehicleExampleMap_C' with ClassGeneratedBy '/Game/VehicleBP/Maps/VehicleExampleMap.VehicleExampleMap:PersistentLevel.VehicleExampleMap'
[2018.02.17-20.42.31:744][328]LogBlueprintUserMessages: Early EndPlayMap Detection: Level '/Game/VehicleBP/Maps/VehicleExampleMap.VehicleExampleMap:PersistentLevel' has LevelScriptBlueprint '/Game/VehicleBP/Maps/VehicleExampleMap.VehicleExampleMap:PersistentLevel.VehicleExampleMap' with GeneratedClass '/Game/VehicleBP/Maps/VehicleExampleMap.VehicleExampleMap_C' with ClassGeneratedBy '/Game/VehicleBP/Maps/VehicleExampleMap.VehicleExampleMap:PersistentLevel.VehicleExampleMap'
[2018.02.17-20.42.31:782][328]LogBlueprintUserMessages: Late EndPlayMap Detection: Level '/Game/VehicleBP/Maps/VehicleExampleMap.VehicleExampleMap:PersistentLevel' has LevelScriptBlueprint '/Game/VehicleBP/Maps/VehicleExampleMap.VehicleExampleMap:PersistentLevel.VehicleExampleMap' with GeneratedClass '/Game/VehicleBP/Maps/VehicleExampleMap.VehicleExampleMap_C' with ClassGeneratedBy '/Game/VehicleBP/Maps/VehicleExampleMap.VehicleExampleMap:PersistentLevel.VehicleExampleMap'
[2018.02.17-20.42.53:404][595]LogRenderer: Reallocating scene render targets to support 1140x696 Format 10 NumSamples 1 (Frame:1).
[2018.02.17-20.43.48:215][854]LogTemp: Repeating last play command: Selected Viewport
[2018.02.17-20.43.48:230][854]LogBlueprintUserMessages: Early PlayInEditor Detection: Level '/Game/VehicleBP/Maps/VehicleExampleMap.VehicleExampleMap:PersistentLevel' has LevelScriptBlueprint '/Game/VehicleBP/Maps/VehicleExampleMap.VehicleExampleMap:PersistentLevel.VehicleExampleMap' with GeneratedClass '/Game/VehicleBP/Maps/VehicleExampleMap.VehicleExampleMap_C' with ClassGeneratedBy '/Game/VehicleBP/Maps/VehicleExampleMap.VehicleExampleMap:PersistentLevel.VehicleExampleMap'
[2018.02.17-20.43.48:230][854]LogPlayLevel: PlayLevel: No blueprints needed recompiling
[2018.02.17-20.43.48:230][854]PIE: New page: PIE session: VehicleExampleMap (Feb 17, 2018, 10:43:48 AM)
[2018.02.17-20.43.48:230][854]LogPlayLevel: Creating play world package: /Game/VehicleBP/Maps/UEDPIE_0_VehicleExampleMap
[2018.02.17-20.43.48:250][854]LogPlayLevel: PIE: StaticDuplicateObject took: (0.019889s)
[2018.02.17-20.43.48:251][854]LogAIModule: Creating AISystem for world VehicleExampleMap
[2018.02.17-20.43.48:252][854]LogPlayLevel: PIE: World Init took: (0.001155s)
[2018.02.17-20.43.48:252][854]LogPlayLevel: PIE: Created PIE world by copying editor world from /Game/VehicleBP/Maps/VehicleExampleMap.VehicleExampleMap to /Game/VehicleBP/Maps/UEDPIE_0_VehicleExampleMap.VehicleExampleMap (0.021481s)
[2018.02.17-20.43.48:282][854]LogInit: XAudio2 using 'Speakers (Realtek High Definition Audio)' : 2 channels at 48 kHz using 32 bits per sample (channel mask 0x3)
[2018.02.17-20.43.48:297][854]LogInit: FAudioDevice initialized.
[2018.02.17-20.43.48:335][854]LogLoad: Game class is 'VehicleGameMode_C'
[2018.02.17-20.43.48:340][854]LogWorld: Bringing World /Game/VehicleBP/Maps/UEDPIE_0_VehicleExampleMap.VehicleExampleMap up for play (max tick rate 60) at 2018.02.17-15.43.48
[2018.02.17-20.43.48:340][854]LogWorld: Bringing up level for play took: 0.002513
[2018.02.17-20.43.48:342][854]PIE: Play in editor start time for /Game/VehicleBP/Maps/UEDPIE_0_VehicleExampleMap 0.611
[2018.02.17-20.43.48:342][854]LogBlueprintUserMessages: Late PlayInEditor Detection: Level '/Game/VehicleBP/Maps/VehicleExampleMap.VehicleExampleMap:PersistentLevel' has LevelScriptBlueprint '/Game/VehicleBP/Maps/VehicleExampleMap.VehicleExampleMap:PersistentLevel.VehicleExampleMap' with GeneratedClass '/Game/VehicleBP/Maps/VehicleExampleMap.VehicleExampleMap_C' with ClassGeneratedBy '/Game/VehicleBP/Maps/VehicleExampleMap.VehicleExampleMap:PersistentLevel.VehicleExampleMap'
[2018.02.17-20.43.54:067][196]LogBlueprintUserMessages: Early EndPlayMap Detection: Level '/Game/VehicleBP/Maps/VehicleExampleMap.VehicleExampleMap:PersistentLevel' has LevelScriptBlueprint '/Game/VehicleBP/Maps/VehicleExampleMap.VehicleExampleMap:PersistentLevel.VehicleExampleMap' with GeneratedClass '/Game/VehicleBP/Maps/VehicleExampleMap.VehicleExampleMap_C' with ClassGeneratedBy '/Game/VehicleBP/Maps/VehicleExampleMap.VehicleExampleMap:PersistentLevel.VehicleExampleMap'
[2018.02.17-20.43.54:104][196]LogBlueprintUserMessages: Late EndPlayMap Detection: Level '/Game/VehicleBP/Maps/VehicleExampleMap.VehicleExampleMap:PersistentLevel' has LevelScriptBlueprint '/Game/VehicleBP/Maps/VehicleExampleMap.VehicleExampleMap:PersistentLevel.VehicleExampleMap' with GeneratedClass '/Game/VehicleBP/Maps/VehicleExampleMap.VehicleExampleMap_C' with ClassGeneratedBy '/Game/VehicleBP/Maps/VehicleExampleMap.VehicleExampleMap:PersistentLevel.VehicleExampleMap'
[2018.02.17-20.44.29:740][321]LogTemp: Repeating last play command: Selected Viewport
[2018.02.17-20.44.29:755][321]LogBlueprintUserMessages: Early PlayInEditor Detection: Level '/Game/VehicleBP/Maps/VehicleExampleMap.VehicleExampleMap:PersistentLevel' has LevelScriptBlueprint '/Game/VehicleBP/Maps/VehicleExampleMap.VehicleExampleMap:PersistentLevel.VehicleExampleMap' with GeneratedClass '/Game/VehicleBP/Maps/VehicleExampleMap.VehicleExampleMap_C' with ClassGeneratedBy '/Game/VehicleBP/Maps/VehicleExampleMap.VehicleExampleMap:PersistentLevel.VehicleExampleMap'
[2018.02.17-20.44.29:756][321]LogPlayLevel: PlayLevel: No blueprints needed recompiling
[2018.02.17-20.44.29:756][321]PIE: New page: PIE session: VehicleExampleMap (Feb 17, 2018, 10:44:29 AM)
[2018.02.17-20.44.29:756][321]LogPlayLevel: Creating play world package: /Game/VehicleBP/Maps/UEDPIE_0_VehicleExampleMap
[2018.02.17-20.44.29:776][321]LogPlayLevel: PIE: StaticDuplicateObject took: (0.019696s)
[2018.02.17-20.44.29:777][321]LogAIModule: Creating AISystem for world VehicleExampleMap
[2018.02.17-20.44.29:777][321]LogPlayLevel: PIE: World Init took: (0.001657s)
[2018.02.17-20.44.29:778][321]LogPlayLevel: PIE: Created PIE world by copying editor world from /Game/VehicleBP/Maps/VehicleExampleMap.VehicleExampleMap to /Game/VehicleBP/Maps/UEDPIE_0_VehicleExampleMap.VehicleExampleMap (0.021864s)
[2018.02.17-20.44.29:810][321]LogInit: XAudio2 using 'Speakers (Realtek High Definition Audio)' : 2 channels at 48 kHz using 32 bits per sample (channel mask 0x3)
[2018.02.17-20.44.29:829][321]LogInit: FAudioDevice initialized.
[2018.02.17-20.44.29:862][321]LogLoad: Game class is 'VehicleGameMode_C'
[2018.02.17-20.44.29:866][321]LogWorld: Bringing World /Game/VehicleBP/Maps/UEDPIE_0_VehicleExampleMap.VehicleExampleMap up for play (max tick rate 60) at 2018.02.17-15.44.29
[2018.02.17-20.44.29:867][321]LogWorld: Bringing up level for play took: 0.002479
[2018.02.17-20.44.29:868][321]PIE: Play in editor start time for /Game/VehicleBP/Maps/UEDPIE_0_VehicleExampleMap 0.137
[2018.02.17-20.44.29:868][321]LogBlueprintUserMessages: Late PlayInEditor Detection: Level '/Game/VehicleBP/Maps/VehicleExampleMap.VehicleExampleMap:PersistentLevel' has LevelScriptBlueprint '/Game/VehicleBP/Maps/VehicleExampleMap.VehicleExampleMap:PersistentLevel.VehicleExampleMap' with GeneratedClass '/Game/VehicleBP/Maps/VehicleExampleMap.VehicleExampleMap_C' with ClassGeneratedBy '/Game/VehicleBP/Maps/VehicleExampleMap.VehicleExampleMap:PersistentLevel.VehicleExampleMap'
[2018.02.17-20.44.35:730][671]LogBlueprintUserMessages: Early EndPlayMap Detection: Level '/Game/VehicleBP/Maps/VehicleExampleMap.VehicleExampleMap:PersistentLevel' has LevelScriptBlueprint '/Game/VehicleBP/Maps/VehicleExampleMap.VehicleExampleMap:PersistentLevel.VehicleExampleMap' with GeneratedClass '/Game/VehicleBP/Maps/VehicleExampleMap.VehicleExampleMap_C' with ClassGeneratedBy '/Game/VehicleBP/Maps/VehicleExampleMap.VehicleExampleMap:PersistentLevel.VehicleExampleMap'
[2018.02.17-20.44.35:767][671]LogBlueprintUserMessages: Late EndPlayMap Detection: Level '/Game/VehicleBP/Maps/VehicleExampleMap.VehicleExampleMap:PersistentLevel' has LevelScriptBlueprint '/Game/VehicleBP/Maps/VehicleExampleMap.VehicleExampleMap:PersistentLevel.VehicleExampleMap' with GeneratedClass '/Game/VehicleBP/Maps/VehicleExampleMap.VehicleExampleMap_C' with ClassGeneratedBy '/Game/VehicleBP/Maps/VehicleExampleMap.VehicleExampleMap:PersistentLevel.VehicleExampleMap'
[2018.02.17-20.49.10:827][306]Cmd: QUIT_EDITOR
[2018.02.17-20.49.10:952][306]LogWindowsTextInputMethodSystem: Display: IME system now deactivated.
[2018.02.17-20.49.10:968][306]LogExit: Preparing to exit.
[2018.02.17-20.49.11:558][306]LogDirectoryWatcher: A directory notification for 'D:/Data Desktop/Epic Games/Project_DriftTank/Content/' was aborted.
[2018.02.17-20.49.11:610][306]LogExit: Editor shut down
[2018.02.17-20.49.11:616][306]LogExit: Transaction tracking system shut down
[2018.02.17-20.49.11:787][306]LogDirectoryWatcher: A directory notification for '../../../Engine/Content/' was aborted.
[2018.02.17-20.49.11:787][306]LogDirectoryWatcher: A directory notification for '../../../../Project_DriftTank/Content/' was aborted.
[2018.02.17-20.49.11:787][306]LogDirectoryWatcher: A directory notification for '../../../Engine/Plugins/2D/Paper2D/Content/' was aborted.
[2018.02.17-20.49.11:787][306]LogDirectoryWatcher: A directory notification for '../../../Engine/Plugins/Media/MediaCompositing/Content/' was aborted.
[2018.02.17-20.49.11:787][306]LogDirectoryWatcher: A directory notification for '../../../Engine/Plugins/Runtime/AppleARKit/Content/' was aborted.
[2018.02.17-20.49.11:787][306]LogDirectoryWatcher: A directory notification for '../../../Engine/Plugins/Runtime/Oculus/OculusVR/Content/' was aborted.
[2018.02.17-20.49.11:787][306]LogDirectoryWatcher: A directory notification for '../../../Engine/Plugins/Runtime/Steam/SteamVR/Content/' was aborted.
[2018.02.17-20.49.11:913][306]LogExit: Object subsystem successfully closed.
[2018.02.17-20.49.11:933][306]LogD3D11RHI: Shutdown
[2018.02.17-20.49.11:933][306]LogD3D11RHI: CleanupD3DDevice
[2018.02.17-20.49.11:936][306]LogD3D11RHI: ~FD3D11DynamicRHI
[2018.02.17-20.49.12:005][306]LogModuleManager: Shutting down and abandoning module MovieSceneCapture (554)
[2018.02.17-20.49.12:005][306]LogModuleManager: Shutting down and abandoning module BlueprintGraph (552)
[2018.02.17-20.49.12:005][306]LogModuleManager: Shutting down and abandoning module HierarchicalLODOutliner (550)
[2018.02.17-20.49.12:005][306]LogModuleManager: Shutting down and abandoning module SceneOutliner (548)
[2018.02.17-20.49.12:005][306]LogModuleManager: Shutting down and abandoning module AddContentDialog (546)
[2018.02.17-20.49.12:005][306]LogDirectoryWatcher: A directory notification for 'D:/Data Desktop/Epic Games/UE_4.18/FeaturePacks/' was aborted.
[2018.02.17-20.49.12:006][306]LogModuleManager: Shutting down and abandoning module WidgetCarousel (545)
[2018.02.17-20.49.12:006][306]LogModuleManager: Shutting down and abandoning module EditorWidgets (542)
[2018.02.17-20.49.12:006][306]LogModuleManager: Shutting down and abandoning module CollectionManager (540)
[2018.02.17-20.49.12:006][306]LogDirectoryWatcher: A directory notification for 'D:/Data Desktop/Epic Games/Project_DriftTank/Content/Collections/' was aborted.
[2018.02.17-20.49.12:006][306]LogDirectoryWatcher: A directory notification for 'D:/Data Desktop/Epic Games/Project_DriftTank/Content/Developers/patrick/Collections/' was aborted.
[2018.02.17-20.49.12:006][306]LogDirectoryWatcher: A directory notification for 'D:/Data Desktop/Epic Games/Project_DriftTank/Saved/Collections/' was aborted.
[2018.02.17-20.49.12:006][306]LogModuleManager: Shutting down and abandoning module StatsViewer (538)
[2018.02.17-20.49.12:006][306]LogModuleManager: Shutting down and abandoning module FoliageEdit (536)
[2018.02.17-20.49.12:007][306]LogModuleManager: Shutting down and abandoning module LandscapeEditor (534)
[2018.02.17-20.49.12:007][306]LogModuleManager: Shutting down and abandoning module MeshPaintMode (532)
[2018.02.17-20.49.12:007][306]LogModuleManager: Shutting down and abandoning module SceneDepthPickerMode (530)
[2018.02.17-20.49.12:007][306]LogModuleManager: Shutting down and abandoning module ActorPickerMode (528)
[2018.02.17-20.49.12:007][306]LogModuleManager: Shutting down and abandoning module GeometryMode (526)
[2018.02.17-20.49.12:007][306]LogModuleManager: Shutting down and abandoning module TextureAlignMode (524)
[2018.02.17-20.49.12:007][306]LogModuleManager: Shutting down and abandoning module BspMode (522)
[2018.02.17-20.49.12:007][306]LogModuleManager: Shutting down and abandoning module PIEPreviewDeviceProfileSelector (520)
[2018.02.17-20.49.12:007][306]LogModuleManager: Shutting down and abandoning module HardwareSurvey (518)
[2018.02.17-20.49.12:007][306]LogModuleManager: Shutting down and abandoning module SequenceRecorderSections (516)
[2018.02.17-20.49.12:007][306]LogModuleManager: Shutting down and abandoning module AutomationWorker (514)
[2018.02.17-20.49.12:007][306]LogModuleManager: Shutting down and abandoning module MatineeToLevelSequence (512)
[2018.02.17-20.49.12:007][306]LogModuleManager: Shutting down and abandoning module LevelSequenceEditor (510)
[2018.02.17-20.49.12:007][306]LogModuleManager: Shutting down and abandoning module PlacementMode (509)
[2018.02.17-20.49.12:007][306]LogModuleManager: Shutting down and abandoning module WmfMediaFactory (506)
[2018.02.17-20.49.12:007][306]LogModuleManager: Shutting down and abandoning module WmfMediaEditor (504)
[2018.02.17-20.49.12:007][306]LogModuleManager: Shutting down and abandoning module OpenExrWrapper (502)
[2018.02.17-20.49.12:007][306]LogModuleManager: Shutting down and abandoning module ImgMediaFactory (500)
[2018.02.17-20.49.12:007][306]LogModuleManager: Shutting down and abandoning module ImgMediaEditor (498)
[2018.02.17-20.49.12:007][306]LogModuleManager: Shutting down and abandoning module AvfMediaFactory (496)
[2018.02.17-20.49.12:007][306]LogModuleManager: Shutting down and abandoning module AvfMediaEditor (494)
[2018.02.17-20.49.12:007][306]LogModuleManager: Shutting down and abandoning module AndroidMediaFactory (492)
[2018.02.17-20.49.12:007][306]LogModuleManager: Shutting down and abandoning module AndroidMediaEditor (490)
[2018.02.17-20.49.12:007][306]LogModuleManager: Shutting down and abandoning module CharacterAI (488)
[2018.02.17-20.49.12:007][306]LogModuleManager: Shutting down and abandoning module AudioCapture (486)
[2018.02.17-20.49.12:007][306]LogModuleManager: Shutting down and abandoning module SequenceRecorder (485)
[2018.02.17-20.49.12:007][306]LogModuleManager: Shutting down and abandoning module SmartSnapping (482)
[2018.02.17-20.49.12:007][306]LogModuleManager: Shutting down and abandoning module SessionServices (480)
[2018.02.17-20.49.12:007][306]LogModuleManager: Shutting down and abandoning module ViewportSnapping (478)
[2018.02.17-20.49.12:007][306]LogModuleManager: Shutting down and abandoning module ViewportInteraction (476)
[2018.02.17-20.49.12:007][306]LogModuleManager: Shutting down and abandoning module ClothPainter (474)
[2018.02.17-20.49.12:007][306]LogModuleManager: Shutting down and abandoning module SkeletalMeshEditor (473)
[2018.02.17-20.49.12:007][306]LogModuleManager: Shutting down and abandoning module LogVisualizer (470)
[2018.02.17-20.49.12:007][306]LogModuleManager: Shutting down and abandoning module IntroTutorials (468)
[2018.02.17-20.49.12:008][306]LogModuleManager: Shutting down and abandoning module GameProjectGeneration (467)
[2018.02.17-20.49.12:008][306]LogModuleManager: Shutting down and abandoning module IOSPlatformEditor (464)
[2018.02.17-20.49.12:008][306]LogModuleManager: Shutting down and abandoning module HTML5PlatformEditor (462)
[2018.02.17-20.49.12:008][306]LogModuleManager: Shutting down and abandoning module AndroidPlatformEditor (460)
[2018.02.17-20.49.12:008][306]LogModuleManager: Shutting down and abandoning module AndroidDeviceDetection (459)
[2018.02.17-20.49.12:051][306]LogModuleManager: Shutting down and abandoning module WindowsPlatformEditor (456)
[2018.02.17-20.49.12:051][306]LogModuleManager: Shutting down and abandoning module IOSRuntimeSettings (454)
[2018.02.17-20.49.12:051][306]LogModuleManager: Shutting down and abandoning module AndroidRuntimeSettings (452)
[2018.02.17-20.49.12:051][306]LogModuleManager: Shutting down and abandoning module InputBindingEditor (450)
[2018.02.17-20.49.12:051][306]LogModuleManager: Shutting down and abandoning module MergeActors (448)
[2018.02.17-20.49.12:052][306]LogModuleManager: Shutting down and abandoning module SizeMap (446)
[2018.02.17-20.49.12:052][306]LogModuleManager: Shutting down and abandoning module TreeMap (444)
[2018.02.17-20.49.12:052][306]LogModuleManager: Shutting down and abandoning module ReferenceViewer (442)
[2018.02.17-20.49.12:052][306]LogModuleManager: Shutting down and abandoning module LocalizationDashboard (440)
[2018.02.17-20.49.12:052][306]LogModuleManager: Shutting down and abandoning module LocalizationService (439)
[2018.02.17-20.49.12:052][306]LogModuleManager: Shutting down and abandoning module HardwareTargeting (436)
[2018.02.17-20.49.12:052][306]LogModuleManager: Shutting down and abandoning module DeviceProfileEditor (434)
[2018.02.17-20.49.12:052][306]LogModuleManager: Shutting down and abandoning module UndoHistory (432)
[2018.02.17-20.49.12:052][306]LogModuleManager: Shutting down and abandoning module XmlParser (430)
[2018.02.17-20.49.12:052][306]LogModuleManager: Shutting down and abandoning module Blutility (428)
[2018.02.17-20.49.12:052][306]LogModuleManager: Shutting down and abandoning module ProjectSettingsViewer (426)
[2018.02.17-20.49.12:052][306]LogModuleManager: Shutting down and abandoning module ProjectTargetPlatformEditor (425)
[2018.02.17-20.49.12:052][306]LogModuleManager: Shutting down and abandoning module EditorSettingsViewer (422)
[2018.02.17-20.49.12:052][306]LogModuleManager: Shutting down and abandoning module SettingsEditor (420)
[2018.02.17-20.49.12:052][306]LogModuleManager: Shutting down and abandoning module ProjectLauncher (418)
[2018.02.17-20.49.12:052][306]LogModuleManager: Shutting down and abandoning module SessionFrontend (416)
[2018.02.17-20.49.12:052][306]LogModuleManager: Shutting down and abandoning module ProfilerClient (414)
[2018.02.17-20.49.12:052][306]LogModuleManager: Shutting down and abandoning module DeviceManager (412)
[2018.02.17-20.49.12:052][306]LogModuleManager: Shutting down and abandoning module TargetDeviceServices (411)
[2018.02.17-20.49.12:105][306]LogModuleManager: Shutting down and abandoning module AutomationController (408)
[2018.02.17-20.49.12:105][306]LogModuleManager: Shutting down and abandoning module AutomationWindow (406)
[2018.02.17-20.49.12:105][306]LogModuleManager: Shutting down and abandoning module Layers (404)
[2018.02.17-20.49.12:105][306]LogModuleManager: Shutting down and abandoning module ComponentVisualizers (402)
[2018.02.17-20.49.12:105][306]LogModuleManager: Shutting down and abandoning module DetailCustomizations (400)
[2018.02.17-20.49.12:105][306]LogModuleManager: Shutting down and abandoning module PackagesDialog (398)
[2018.02.17-20.49.12:106][306]LogModuleManager: Shutting down and abandoning module Persona (396)
[2018.02.17-20.49.12:106][306]LogModuleManager: Shutting down and abandoning module AdvancedPreviewScene (395)
[2018.02.17-20.49.12:106][306]LogModuleManager: Shutting down and abandoning module AnimGraph (393)
[2018.02.17-20.49.12:106][306]LogModuleManager: Shutting down and abandoning module Kismet (390)
[2018.02.17-20.49.12:118][306]LogModuleManager: Shutting down and abandoning module ClassViewer (388)
[2018.02.17-20.49.12:118][306]LogModuleManager: Shutting down and abandoning module Toolbox (386)
[2018.02.17-20.49.12:118][306]LogModuleManager: Shutting down and abandoning module ModuleUI (384)
[2018.02.17-20.49.12:118][306]LogModuleManager: Shutting down and abandoning module MovieSceneTools (382)
[2018.02.17-20.49.12:118][306]LogModuleManager: Shutting down and abandoning module OutputLog (380)
[2018.02.17-20.49.12:118][306]LogModuleManager: Shutting down and abandoning module GammaUI (378)
[2018.02.17-20.49.12:118][306]LogModuleManager: Shutting down and abandoning module Documentation (376)
[2018.02.17-20.49.12:118][306]LogModuleManager: Shutting down and abandoning module MovieSceneTracks (374)
[2018.02.17-20.49.12:118][306]LogModuleManager: Shutting down and abandoning module MovieScene (372)
[2018.02.17-20.49.12:118][306]LogModuleManager: Shutting down and abandoning module StreamingPauseRendering (370)
[2018.02.17-20.49.12:118][306]LogModuleManager: Shutting down and abandoning module LauncherPlatform (368)
[2018.02.17-20.49.12:118][306]LogModuleManager: Shutting down and abandoning module AnalyticsET (366)
[2018.02.17-20.49.12:118][306]LogModuleManager: Shutting down and abandoning module PortalServices (364)
[2018.02.17-20.49.12:118][306]LogModuleManager: Shutting down and abandoning module PortalRpc (362)
[2018.02.17-20.49.12:118][306]LogModuleManager: Shutting down and abandoning module MessagingRpc (360)
[2018.02.17-20.49.12:118][306]LogModuleManager: Shutting down and abandoning module AIModule (358)
[2018.02.17-20.49.12:118][306]LogModuleManager: Shutting down and abandoning module GameplayDebugger (357)
[2018.02.17-20.49.12:118][306]LogModuleManager: Shutting down and abandoning module AITestSuite (355)
[2018.02.17-20.49.12:118][306]LogModuleManager: Shutting down and abandoning module DesktopPlatform (352)
[2018.02.17-20.49.12:118][306]LogModuleManager: Shutting down and abandoning module ProfilerService (350)
[2018.02.17-20.49.12:334][306]LogModuleManager: Shutting down and abandoning module TaskGraph (348)
[2018.02.17-20.49.12:334][306]LogModuleManager: Shutting down and abandoning module SteamVRController (346)
[2018.02.17-20.49.12:334][306]LogModuleManager: Shutting down and abandoning module ProceduralMeshComponentEditor (344)
[2018.02.17-20.49.12:334][306]LogModuleManager: Shutting down and abandoning module ProceduralMeshComponent (342)
[2018.02.17-20.49.12:334][306]LogModuleManager: Shutting down and abandoning module OculusInput (340)
[2018.02.17-20.49.12:334][306]LogModuleManager: Shutting down and abandoning module MobilePatchingUtils (338)
[2018.02.17-20.49.12:334][306]LogModuleManager: Shutting down and abandoning module CustomMeshComponent (336)
[2018.02.17-20.49.12:334][306]LogModuleManager: Shutting down and abandoning module CableComponent (334)
[2018.02.17-20.49.12:334][306]LogModuleManager: Shutting down and abandoning module ArchVisCharacter (332)
[2018.02.17-20.49.12:334][306]LogModuleManager: Shutting down and abandoning module AndroidPermission (330)
[2018.02.17-20.49.12:334][306]LogModuleManager: Shutting down and abandoning module ActorSequence (326)
[2018.02.17-20.49.12:334][306]LogModuleManager: Shutting down and abandoning module MediaPlayerEditor (324)
[2018.02.17-20.49.12:334][306]LogModuleManager: Shutting down and abandoning module MediaCompositingEditor (322)
[2018.02.17-20.49.12:334][306]LogModuleManager: Shutting down and abandoning module MediaCompositing (320)
[2018.02.17-20.49.12:334][306]LogModuleManager: Shutting down and abandoning module RawInput (318)
[2018.02.17-20.49.12:334][306]LogModuleManager: Shutting down and abandoning module HTML5Networking (316)
[2018.02.17-20.49.12:334][306]LogModuleManager: Shutting down and abandoning module AlembicImporter (314)
[2018.02.17-20.49.12:334][306]LogModuleManager: Shutting down and abandoning module AlembicLibrary (313)
[2018.02.17-20.49.12:334][306]LogModuleManager: Shutting down and abandoning module GeometryCache (312)
[2018.02.17-20.49.12:334][306]LogModuleManager: Shutting down and abandoning module GeometryCacheEd (311)
[2018.02.17-20.49.12:334][306]LogModuleManager: Shutting down and abandoning module SpeedTreeImporter (306)
[2018.02.17-20.49.12:334][306]LogModuleManager: Shutting down and abandoning module PluginBrowser (304)
[2018.02.17-20.49.12:334][306]LogModuleManager: Shutting down and abandoning module MobileLauncherProfileWizard (302)
[2018.02.17-20.49.12:334][306]LogModuleManager: Shutting down and abandoning module VisualStudioSourceCodeAccess (300)
[2018.02.17-20.49.12:335][306]LogModuleManager: Shutting down and abandoning module VisualStudioCodeSourceCodeAccess (298)
[2018.02.17-20.49.12:335][306]LogModuleManager: Shutting down and abandoning module UObjectPlugin (296)
[2018.02.17-20.49.12:335][306]LogModuleManager: Shutting down and abandoning module SubversionSourceControl (294)
[2018.02.17-20.49.12:335][306]LogModuleManager: Shutting down and abandoning module PerforceSourceControl (292)
[2018.02.17-20.49.12:335][306]LogModuleManager: Shutting down and abandoning module GitSourceControl (290)
[2018.02.17-20.49.12:335][306]LogModuleManager: Shutting down and abandoning module SourceControl (289)
[2018.02.17-20.49.12:335][306]LogModuleManager: Shutting down and abandoning module LightPropagationVolumeEditor (286)
[2018.02.17-20.49.12:335][306]LogModuleManager: Shutting down and abandoning module PaperTiledImporter (284)
[2018.02.17-20.49.12:335][306]LogModuleManager: Shutting down and abandoning module PaperSpriteSheetImporter (282)
[2018.02.17-20.49.12:335][306]LogModuleManager: Shutting down and abandoning module Paper2DEditor (280)
[2018.02.17-20.49.12:335][306]LogModuleManager: Shutting down and abandoning module MeshPaint (279)
[2018.02.17-20.49.12:335][306]LogModuleManager: Shutting down and abandoning module LevelEditor (277)
[2018.02.17-20.49.12:336][306]LogModuleManager: Shutting down and abandoning module PixelInspectorModule (276)
[2018.02.17-20.49.12:336][306]LogModuleManager: Shutting down and abandoning module MainFrame (274)
[2018.02.17-20.49.12:336][306]LogModuleManager: Shutting down and abandoning module HotReload (273)
[2018.02.17-20.49.12:337][306]LogModuleManager: Shutting down and abandoning module RuntimePhysXCooking (268)
[2018.02.17-20.49.12:337][306]LogModuleManager: Shutting down and abandoning module PhysXVehiclesEditor (266)
[2018.02.17-20.49.12:337][306]LogModuleManager: Shutting down and abandoning module PhysXVehicles (264)
[2018.02.17-20.49.12:337][306]LogModuleManager: Shutting down and abandoning module OculusEditor (262)
[2018.02.17-20.49.12:337][306]LogModuleManager: Shutting down and abandoning module LocationServicesBPLibrary (260)
[2018.02.17-20.49.12:337][306]LogModuleManager: Shutting down and abandoning module ImmediatePhysicsEditor (258)
[2018.02.17-20.49.12:337][306]LogModuleManager: Shutting down and abandoning module ImmediatePhysics (256)
[2018.02.17-20.49.12:337][306]LogModuleManager: Shutting down and abandoning module UdpMessaging (254)
[2018.02.17-20.49.12:438][306]LogModuleManager: Shutting down and abandoning module TcpMessaging (252)
[2018.02.17-20.49.12:538][306]LogModuleManager: Shutting down and abandoning module GameplayTagsEditor (250)
[2018.02.17-20.49.12:538][306]LogModuleManager: Shutting down and abandoning module FacialAnimationEditor (248)
[2018.02.17-20.49.12:538][306]LogModuleManager: Shutting down and abandoning module FacialAnimation (246)
[2018.02.17-20.49.12:538][306]LogModuleManager: Shutting down and abandoning module AssetManagerEditor (244)
[2018.02.17-20.49.12:538][306]LogModuleManager: Shutting down and abandoning module GraphEditor (243)
[2018.02.17-20.49.12:538][306]LogModuleManager: Shutting down and abandoning module ContentBrowser (241)
[2018.02.17-20.49.12:539][306]LogModuleManager: Shutting down and abandoning module LightPropagationVolumeRuntime (238)
[2018.02.17-20.49.12:539][306]LogModuleManager: Shutting down and abandoning module Paper2D (236)
[2018.02.17-20.49.12:539][306]LogModuleManager: Shutting down and abandoning module WindowsMoviePlayer (234)
[2018.02.17-20.49.12:540][306]LogModuleManager: Shutting down and abandoning module WmfMedia (232)
[2018.02.17-20.49.12:542][306]LogModuleManager: Shutting down and abandoning module ImgMedia (230)
[2018.02.17-20.49.12:542][306]LogModuleManager: Shutting down and abandoning module PacketHandler (228)
[2018.02.17-20.49.12:542][306]LogModuleManager: Shutting down and abandoning module ClothingSystemEditor (226)
[2018.02.17-20.49.12:542][306]LogModuleManager: Shutting down and abandoning module ClothingSystemRuntime (224)
[2018.02.17-20.49.12:542][306]LogModuleManager: Shutting down and abandoning module MediaAssets (222)
[2018.02.17-20.49.12:542][306]LogModuleManager: Shutting down and abandoning module Media (221)
[2018.02.17-20.49.12:549][306]LogModuleManager: Shutting down and abandoning module Overlay (218)
[2018.02.17-20.49.12:549][306]LogModuleManager: Shutting down and abandoning module OverlayEditor (217)
[2018.02.17-20.49.12:549][306]LogModuleManager: Shutting down and abandoning module VREditor (214)
[2018.02.17-20.49.12:549][306]LogModuleManager: Shutting down and abandoning module StringTableEditor (212)
[2018.02.17-20.49.12:549][306]LogModuleManager: Shutting down and abandoning module GameplayTasksEditor (210)
[2018.02.17-20.49.12:549][306]LogModuleManager: Shutting down and abandoning module BehaviorTreeEditor (208)
[2018.02.17-20.49.12:549][306]LogModuleManager: Shutting down and abandoning module FunctionalTesting (206)
[2018.02.17-20.49.12:549][306]LogModuleManager: Shutting down and abandoning module CollisionAnalyzer (204)
[2018.02.17-20.49.12:549][306]LogModuleManager: Shutting down and abandoning module WorkspaceMenuStructure (203)
[2018.02.17-20.49.12:549][306]LogModuleManager: Shutting down and abandoning module UMG (200)
[2018.02.17-20.49.12:549][306]LogModuleManager: Shutting down and abandoning module UMGEditor (199)
[2018.02.17-20.49.12:549][306]LogModuleManager: Shutting down and abandoning module Sequencer (198)
[2018.02.17-20.49.12:549][306]LogModuleManager: Shutting down and abandoning module MessageLog (195)
[2018.02.17-20.49.12:549][306]LogModuleManager: Shutting down and abandoning module SlateReflector (190)
[2018.02.17-20.49.12:550][306]LogModuleManager: Shutting down and abandoning module Slate (188)
[2018.02.17-20.49.12:550][306]LogModuleManager: Shutting down and abandoning module EditorStyle (186)
[2018.02.17-20.49.12:554][306]LogModuleManager: Shutting down and abandoning module MRMesh (184)
[2018.02.17-20.49.12:554][306]LogModuleManager: Shutting down and abandoning module SourceCodeAccess (182)
[2018.02.17-20.49.12:554][306]LogModuleManager: Shutting down and abandoning module HeadMountedDisplay (180)
[2018.02.17-20.49.12:554][306]LogModuleManager: Shutting down and abandoning module XAudio2 (178)
[2018.02.17-20.49.12:554][306]LogModuleManager: Shutting down and abandoning module Networking (176)
[2018.02.17-20.49.12:554][306]LogModuleManager: Shutting down and abandoning module Core (172)
[2018.02.17-20.49.12:554][306]LogModuleManager: Shutting down and abandoning module LevelSequence (168)
[2018.02.17-20.49.12:554][306]LogModuleManager: Shutting down and abandoning module DirectoryWatcher (166)
[2018.02.17-20.49.12:558][306]LogModuleManager: Shutting down and abandoning module KismetCompiler (164)
[2018.02.17-20.49.12:558][306]LogModuleManager: Shutting down and abandoning module MeshUtilities (162)
[2018.02.17-20.49.12:558][306]LogModuleManager: Shutting down and abandoning module MeshMergeUtilities (161)
[2018.02.17-20.49.12:558][306]LogModuleManager: Shutting down and abandoning module MeshReductionInterface (160)
[2018.02.17-20.49.12:558][306]LogModuleManager: Shutting down and abandoning module SimplygonSwarm (159)
[2018.02.17-20.49.12:558][306]LogModuleManager: Shutting down and abandoning module SimplygonMeshReduction (157)
[2018.02.17-20.49.12:558][306]LogModuleManager: Shutting down and abandoning module QuadricMeshReduction (155)
[2018.02.17-20.49.12:558][306]LogModuleManager: Shutting down and abandoning module MaterialBaking (151)
[2018.02.17-20.49.12:558][306]LogModuleManager: Shutting down and abandoning module DerivedDataCache (148)
[2018.02.17-20.49.12:571][306]LogDerivedDataCache: Shutdown
[2018.02.17-20.49.12:571][306]LogModuleManager: Shutting down and abandoning module TargetPlatform (146)
[2018.02.17-20.49.12:571][306]LogModuleManager: Shutting down and abandoning module VulkanShaderFormat (145)
[2018.02.17-20.49.12:572][306]LogModuleManager: Shutting down and abandoning module ShaderFormatVectorVM (143)
[2018.02.17-20.49.12:572][306]LogModuleManager: Shutting down and abandoning module ShaderFormatOpenGL (141)
[2018.02.17-20.49.12:572][306]LogModuleManager: Shutting down and abandoning module ShaderFormatD3D (139)
[2018.02.17-20.49.12:572][306]LogModuleManager: Shutting down and abandoning module MetalShaderFormat (137)
[2018.02.17-20.49.12:572][306]LogModuleManager: Shutting down and abandoning module TextureFormatUncompressed (135)
[2018.02.17-20.49.12:572][306]LogModuleManager: Shutting down and abandoning module TextureFormatPVR (133)
[2018.02.17-20.49.12:572][306]LogModuleManager: Shutting down and abandoning module TextureFormatDXT (131)
[2018.02.17-20.49.12:572][306]LogModuleManager: Shutting down and abandoning module TextureFormatIntelISPCTexComp (129)
[2018.02.17-20.49.12:572][306]LogModuleManager: Shutting down and abandoning module TextureFormatASTC (127)
[2018.02.17-20.49.12:572][306]LogModuleManager: Shutting down and abandoning module ImageWrapper (126)
[2018.02.17-20.49.12:572][306]LogModuleManager: Shutting down and abandoning module TextureFormatAndroid (123)
[2018.02.17-20.49.12:572][306]LogModuleManager: Shutting down and abandoning module AudioFormatOpus (121)
[2018.02.17-20.49.12:572][306]LogModuleManager: Shutting down and abandoning module AudioFormatOgg (119)
[2018.02.17-20.49.12:572][306]LogModuleManager: Shutting down and abandoning module AudioFormatADPCM (117)
[2018.02.17-20.49.12:572][306]LogModuleManager: Shutting down and abandoning module LinuxTargetPlatform (115)
[2018.02.17-20.49.12:572][306]LogModuleManager: Shutting down and abandoning module LinuxServerTargetPlatform (113)
[2018.02.17-20.49.12:572][306]LogModuleManager: Shutting down and abandoning module LinuxNoEditorTargetPlatform (111)
[2018.02.17-20.49.12:572][306]LogModuleManager: Shutting down and abandoning module LinuxClientTargetPlatform (109)
[2018.02.17-20.49.12:572][306]LogModuleManager: Shutting down and abandoning module TVOSTargetPlatform (107)
[2018.02.17-20.49.12:572][306]LogModuleManager: Shutting down and abandoning module Messaging (105)
[2018.02.17-20.49.12:572][306]LogModuleManager: Shutting down and abandoning module IOSTargetPlatform (103)
[2018.02.17-20.49.12:572][306]LogModuleManager: Shutting down and abandoning module HTML5TargetPlatform (101)
[2018.02.17-20.49.12:572][306]LogModuleManager: Shutting down and abandoning module AndroidTargetPlatform (99)
[2018.02.17-20.49.12:572][306]LogModuleManager: Shutting down and abandoning module Android_PVRTCTargetPlatform (97)
[2018.02.17-20.49.12:572][306]LogModuleManager: Shutting down and abandoning module Android_MultiTargetPlatform (95)
[2018.02.17-20.49.12:572][306]LogModuleManager: Shutting down and abandoning module Android_ETC2TargetPlatform (93)
[2018.02.17-20.49.12:572][306]LogModuleManager: Shutting down and abandoning module Android_ETC1TargetPlatform (91)
[2018.02.17-20.49.12:572][306]LogModuleManager: Shutting down and abandoning module Android_DXTTargetPlatform (89)
[2018.02.17-20.49.12:572][306]LogModuleManager: Shutting down and abandoning module Android_ATCTargetPlatform (87)
[2018.02.17-20.49.12:572][306]LogModuleManager: Shutting down and abandoning module Android_ASTCTargetPlatform (85)
[2018.02.17-20.49.12:572][306]LogModuleManager: Shutting down and abandoning module WindowsTargetPlatform (83)
[2018.02.17-20.49.12:572][306]LogModuleManager: Shutting down and abandoning module WindowsServerTargetPlatform (81)
[2018.02.17-20.49.12:572][306]LogModuleManager: Shutting down and abandoning module WindowsNoEditorTargetPlatform (79)
[2018.02.17-20.49.12:572][306]LogModuleManager: Shutting down and abandoning module WindowsClientTargetPlatform (77)
[2018.02.17-20.49.12:572][306]LogModuleManager: Shutting down and abandoning module MacTargetPlatform (75)
[2018.02.17-20.49.12:572][306]LogModuleManager: Shutting down and abandoning module MacServerTargetPlatform (73)
[2018.02.17-20.49.12:572][306]LogModuleManager: Shutting down and abandoning module MacNoEditorTargetPlatform (71)
[2018.02.17-20.49.12:572][306]LogModuleManager: Shutting down and abandoning module MacClientTargetPlatform (69)
[2018.02.17-20.49.12:572][306]LogModuleManager: Shutting down and abandoning module AllDesktopTargetPlatform (67)
[2018.02.17-20.49.12:572][306]LogModuleManager: Shutting down and abandoning module InputCore (64)
[2018.02.17-20.49.12:572][306]LogModuleManager: Shutting down and abandoning module Settings (62)
[2018.02.17-20.49.12:572][306]LogModuleManager: Shutting down and abandoning module PhysXCooking (60)
[2018.02.17-20.49.12:572][306]LogModuleManager: Shutting down and abandoning module SteamVR (58)
[2018.02.17-20.49.12:572][306]LogModuleManager: Shutting down and abandoning module OculusHMD (56)
[2018.02.17-20.49.12:572][306]LogModuleManager: Shutting down and abandoning module ExampleDeviceProfileSelector (54)
[2018.02.17-20.49.12:572][306]LogModuleManager: Shutting down and abandoning module AppleARKit (52)
[2018.02.17-20.49.12:572][306]LogModuleManager: Shutting down and abandoning module AugmentedReality (51)
[2018.02.17-20.49.12:572][306]LogModuleManager: Shutting down and abandoning module OnlineBlueprintSupport (48)
[2018.02.17-20.49.12:572][306]LogModuleManager: Shutting down and abandoning module OnlineSubsystem (44)
[2018.02.17-20.49.12:572][306]LogModuleManager: Shutting down and abandoning module XMPP (43)
[2018.02.17-20.49.12:572][306]LogModuleManager: Shutting down and abandoning module HTTP (41)
[2018.02.17-20.49.12:572][306]LogHttp: Display: Http module shutting down, but needs to wait on 1 outstanding Http requests:
[2018.02.17-20.49.12:573][306]LogHttp: Display: 	verb=[POST] url=[https://datarouter.ol.epicgames.com/datarouter/api/v1/public/data?SessionID=%7BFDDDE989-4F2D-237C-AB15-5F82A7A41576%7D&AppID=UEEditor.Rocket.Release&AppVersion=4.18.2-3794801%2B%2B%2BUE4%2BRelease-4.18&UserID=e2dc175c4598aa6f8940e49994b03afb%7C3c6010b2b8a942feaab6316bf1a0fd33%7C95be2b20-8589-4992-8000-1a4b0d21bb54&AppEnvironment=datacollector-binary&UploadType=eteventstream] status=Processing
[2018.02.17-20.49.12:606][306]LogModuleManager: Shutting down and abandoning module SSL (40)
[2018.02.17-20.49.12:607][306]LogModuleManager: Shutting down and abandoning module AnimationModifiers (36)
[2018.02.17-20.49.12:607][306]LogModuleManager: Shutting down and abandoning module PropertyEditor (35)
[2018.02.17-20.49.12:607][306]LogModuleManager: Shutting down and abandoning module AudioEditor (32)
[2018.02.17-20.49.12:607][306]LogModuleManager: Shutting down and abandoning module TextureCompressor (30)
[2018.02.17-20.49.12:607][306]LogModuleManager: Shutting down and abandoning module ShaderCore (28)
[2018.02.17-20.49.12:607][306]LogModuleManager: Shutting down and abandoning module Landscape (26)
[2018.02.17-20.49.12:607][306]LogModuleManager: Shutting down and abandoning module SlateRHIRenderer (24)
[2018.02.17-20.49.12:609][306]LogModuleManager: Shutting down and abandoning module OpenGLDrv (22)
[2018.02.17-20.49.12:609][306]LogModuleManager: Shutting down and abandoning module D3D11RHI (20)
[2018.02.17-20.49.12:609][306]LogModuleManager: Shutting down and abandoning module AnimGraphRuntime (18)
[2018.02.17-20.49.12:609][306]LogModuleManager: Shutting down and abandoning module Renderer (16)
[2018.02.17-20.49.12:609][306]LogModuleManager: Shutting down and abandoning module Engine (14)
[2018.02.17-20.49.12:609][306]LogModuleManager: Shutting down and abandoning module CoreUObject (12)
[2018.02.17-20.49.12:609][306]LogModuleManager: Shutting down and abandoning module NetworkFile (10)
[2018.02.17-20.49.12:609][306]LogModuleManager: Shutting down and abandoning module CookedIterativeFile (8)
[2018.02.17-20.49.12:609][306]LogModuleManager: Shutting down and abandoning module StreamingFile (6)
[2018.02.17-20.49.12:609][306]LogModuleManager: Shutting down and abandoning module SandboxFile (4)
[2018.02.17-20.49.12:609][306]LogModuleManager: Shutting down and abandoning module PakFile (2)
[2018.02.17-20.49.12:615][306]LogExit: Exiting.
[2018.02.17-20.49.12:627][306]Log file closed, 02/17/18 15:49:12
