Log file open, 02/18/18 00:32:15
LogWindows: Failed to load 'aqProf.dll' (GetLastError=126)
LogWindows: File 'aqProf.dll' does not exist
LogWindows: Failed to load 'VtuneApi.dll' (GetLastError=126)
LogWindows: File 'VtuneApi.dll' does not exist
LogWindows: Failed to load 'VtuneApi32e.dll' (GetLastError=126)
LogWindows: File 'VtuneApi32e.dll' does not exist
LogInit: Display: Running engine for game: Project_DriftTank
LogPlatformFile: Not using cached read wrapper
LogInit: Display: RandInit(323824558) SRandInit(323824558).
LogInit: Read version file with build ID '3709383'
LogInit: Overriding engine version to CL 3794801, compatible CL 3709383
LogInit: Registered custom module enumerator with build ID '3709383'
LogTaskGraph: Started task graph with 5 named threads and 14 total threads with 3 sets of task threads.
LogStats: Stats thread started at 0.211956
LogD3D11RHI: Aftermath initialized
LogModuleManager: Display: Found up-to-date module file ../../../Engine/Plugins/Runtime/PhysXVehicles/Binaries/Win64/UE4Editor-PhysXVehicles.dll (API version 3709383).
LogModuleManager: Display: Found up-to-date module file ../../../Engine/Plugins/Runtime/PhysXVehicles/Binaries/Win64/UE4Editor-PhysXVehiclesEditor.dll (API version 3709383).
LogModuleManager: Display: Found up-to-date module file ../../../Engine/Plugins/Experimental/RawInput/Binaries/Win64/UE4Editor-RawInput.dll (API version 3709383).
LogModuleManager: Display: Found up-to-date module file ../../../Engine/Plugins/2D/Paper2D/Binaries/Win64/UE4Editor-Paper2D.dll (API version 3709383).
LogModuleManager: Display: Found up-to-date module file ../../../Engine/Plugins/2D/Paper2D/Binaries/Win64/UE4Editor-Paper2DEditor.dll (API version 3709383).
LogModuleManager: Display: Found up-to-date module file ../../../Engine/Plugins/2D/Paper2D/Binaries/Win64/UE4Editor-PaperSpriteSheetImporter.dll (API version 3709383).
LogModuleManager: Display: Found up-to-date module file ../../../Engine/Plugins/2D/Paper2D/Binaries/Win64/UE4Editor-PaperTiledImporter.dll (API version 3709383).
LogModuleManager: Display: Found up-to-date module file ../../../Engine/Plugins/2D/Paper2D/Binaries/Win64/UE4Editor-SmartSnapping.dll (API version 3709383).
LogModuleManager: Display: Found up-to-date module file ../../../Engine/Plugins/Blendables/LightPropagationVolume/Binaries/Win64/UE4Editor-LightPropagationVolumeRuntime.dll (API version 3709383).
LogModuleManager: Display: Found up-to-date module file ../../../Engine/Plugins/Blendables/LightPropagationVolume/Binaries/Win64/UE4Editor-LightPropagationVolumeEditor.dll (API version 3709383).
LogModuleManager: Display: Found up-to-date module file ../../../Engine/Plugins/Developer/GitSourceControl/Binaries/Win64/UE4Editor-GitSourceControl.dll (API version 3709383).
LogModuleManager: Display: Found up-to-date module file ../../../Engine/Plugins/Developer/PerforceSourceControl/Binaries/Win64/UE4Editor-PerforceSourceControl.dll (API version 3709383).
LogModuleManager: Display: Found up-to-date module file ../../../Engine/Plugins/Developer/SubversionSourceControl/Binaries/Win64/UE4Editor-SubversionSourceControl.dll (API version 3709383).
LogModuleManager: Display: Found up-to-date module file ../../../Engine/Plugins/Developer/UObjectPlugin/Binaries/Win64/UE4Editor-UObjectPlugin.dll (API version 3709383).
LogModuleManager: Display: Found up-to-date module file ../../../Engine/Plugins/Developer/VisualStudioCodeSourceCodeAccess/Binaries/Win64/UE4Editor-VisualStudioCodeSourceCodeAccess.dll (API version 3709383).
LogModuleManager: Display: Found up-to-date module file ../../../Engine/Plugins/Developer/VisualStudioSourceCodeAccess/Binaries/Win64/UE4Editor-VisualStudioSourceCodeAccess.dll (API version 3709383).
LogModuleManager: Display: Found up-to-date module file ../../../Engine/Plugins/Editor/AssetManagerEditor/Binaries/Win64/UE4Editor-AssetManagerEditor.dll (API version 3709383).
LogModuleManager: Display: Found up-to-date module file ../../../Engine/Plugins/Editor/AudioCapture/Binaries/Win64/UE4Editor-AudioCapture.dll (API version 3709383).
LogModuleManager: Display: Found up-to-date module file ../../../Engine/Plugins/Editor/FacialAnimation/Binaries/Win64/UE4Editor-FacialAnimation.dll (API version 3709383).
LogModuleManager: Display: Found up-to-date module file ../../../Engine/Plugins/Editor/FacialAnimation/Binaries/Win64/UE4Editor-FacialAnimationEditor.dll (API version 3709383).
LogModuleManager: Display: Found up-to-date module file ../../../Engine/Plugins/Editor/GameplayTagsEditor/Binaries/Win64/UE4Editor-GameplayTagsEditor.dll (API version 3709383).
LogModuleManager: Display: Found up-to-date module file ../../../Engine/Plugins/Editor/MobileLauncherProfileWizard/Binaries/Win64/UE4Editor-MobileLauncherProfileWizard.dll (API version 3709383).
LogModuleManager: Display: Found up-to-date module file ../../../Engine/Plugins/Editor/PluginBrowser/Binaries/Win64/UE4Editor-PluginBrowser.dll (API version 3709383).
LogModuleManager: Display: Found up-to-date module file ../../../Engine/Plugins/Editor/SpeedTreeImporter/Binaries/Win64/UE4Editor-SpeedTreeImporter.dll (API version 3709383).
LogModuleManager: Display: Found up-to-date module file ../../../Engine/Plugins/Experimental/AlembicImporter/Binaries/Win64/UE4Editor-AlembicImporter.dll (API version 3709383).
LogModuleManager: Display: Found up-to-date module file ../../../Engine/Plugins/Experimental/AlembicImporter/Binaries/Win64/UE4Editor-AlembicLibrary.dll (API version 3709383).
LogModuleManager: Display: Found up-to-date module file ../../../Engine/Plugins/Experimental/CharacterAI/Binaries/Win64/UE4Editor-CharacterAI.dll (API version 3709383).
LogModuleManager: Display: Found up-to-date module file ../../../Engine/Plugins/Experimental/HTML5Networking/Binaries/Win64/UE4Editor-HTML5Networking.dll (API version 3709383).
LogModuleManager: Display: Found up-to-date module file ../../../Engine/Plugins/Media/AndroidMedia/Binaries/Win64/UE4Editor-AndroidMediaEditor.dll (API version 3709383).
LogModuleManager: Display: Found up-to-date module file ../../../Engine/Plugins/Media/AndroidMedia/Binaries/Win64/UE4Editor-AndroidMediaFactory.dll (API version 3709383).
LogModuleManager: Display: Found up-to-date module file ../../../Engine/Plugins/Media/AvfMedia/Binaries/Win64/UE4Editor-AvfMediaEditor.dll (API version 3709383).
LogModuleManager: Display: Found up-to-date module file ../../../Engine/Plugins/Media/AvfMedia/Binaries/Win64/UE4Editor-AvfMediaFactory.dll (API version 3709383).
LogModuleManager: Display: Found up-to-date module file ../../../Engine/Plugins/Media/AvfMedia/Binaries/Win64/UE4Editor-AvfMediaFactory.dll (API version 3709383).
LogModuleManager: Display: Found up-to-date module file ../../../Engine/Plugins/Media/ImgMedia/Binaries/Win64/UE4Editor-ImgMedia.dll (API version 3709383).
LogModuleManager: Display: Found up-to-date module file ../../../Engine/Plugins/Media/ImgMedia/Binaries/Win64/UE4Editor-ImgMediaEditor.dll (API version 3709383).
LogModuleManager: Display: Found up-to-date module file ../../../Engine/Plugins/Media/ImgMedia/Binaries/Win64/UE4Editor-ImgMediaFactory.dll (API version 3709383).
LogModuleManager: Display: Found up-to-date module file ../../../Engine/Plugins/Media/ImgMedia/Binaries/Win64/UE4Editor-ImgMediaFactory.dll (API version 3709383).
LogModuleManager: Display: Found up-to-date module file ../../../Engine/Plugins/Media/ImgMedia/Binaries/Win64/UE4Editor-OpenExrWrapper.dll (API version 3709383).
LogModuleManager: Display: Found up-to-date module file ../../../Engine/Plugins/Media/MediaCompositing/Binaries/Win64/UE4Editor-MediaCompositing.dll (API version 3709383).
LogModuleManager: Display: Found up-to-date module file ../../../Engine/Plugins/Media/MediaCompositing/Binaries/Win64/UE4Editor-MediaCompositingEditor.dll (API version 3709383).
LogModuleManager: Display: Found up-to-date module file ../../../Engine/Plugins/Media/MediaPlayerEditor/Binaries/Win64/UE4Editor-MediaPlayerEditor.dll (API version 3709383).
LogModuleManager: Display: Found up-to-date module file ../../../Engine/Plugins/Media/WmfMedia/Binaries/Win64/UE4Editor-WmfMedia.dll (API version 3709383).
LogModuleManager: Display: Found up-to-date module file ../../../Engine/Plugins/Media/WmfMedia/Binaries/Win64/UE4Editor-WmfMediaEditor.dll (API version 3709383).
LogModuleManager: Display: Found up-to-date module file ../../../Engine/Plugins/Media/WmfMedia/Binaries/Win64/UE4Editor-WmfMediaFactory.dll (API version 3709383).
LogModuleManager: Display: Found up-to-date module file ../../../Engine/Plugins/Media/WmfMedia/Binaries/Win64/UE4Editor-WmfMediaFactory.dll (API version 3709383).
LogModuleManager: Display: Found up-to-date module file ../../../Engine/Plugins/Messaging/TcpMessaging/Binaries/Win64/UE4Editor-TcpMessaging.dll (API version 3709383).
LogModuleManager: Display: Found up-to-date module file ../../../Engine/Plugins/Messaging/UdpMessaging/Binaries/Win64/UE4Editor-UdpMessaging.dll (API version 3709383).
LogModuleManager: Display: Found up-to-date module file ../../../Engine/Plugins/MovieScene/ActorSequence/Binaries/Win64/UE4Editor-ActorSequence.dll (API version 3709383).
LogModuleManager: Display: Found up-to-date module file ../../../Engine/Plugins/MovieScene/LevelSequenceEditor/Binaries/Win64/UE4Editor-LevelSequenceEditor.dll (API version 3709383).
LogModuleManager: Display: Found up-to-date module file ../../../Engine/Plugins/MovieScene/MatineeToLevelSequence/Binaries/Win64/UE4Editor-MatineeToLevelSequence.dll (API version 3709383).
LogModuleManager: Display: Found up-to-date module file ../../../Engine/Plugins/Online/OnlineSubsystem/Binaries/Win64/UE4Editor-OnlineSubsystem.dll (API version 3709383).
LogModuleManager: Display: Found up-to-date module file ../../../Engine/Plugins/Runtime/AndroidPermission/Binaries/Win64/UE4Editor-AndroidPermission.dll (API version 3709383).
LogModuleManager: Display: Found up-to-date module file ../../../Engine/Plugins/Online/OnlineSubsystemNull/Binaries/Win64/UE4Editor-OnlineSubsystemNull.dll (API version 3709383).
LogModuleManager: Display: Found up-to-date module file ../../../Engine/Plugins/Online/OnlineSubsystemUtils/Binaries/Win64/UE4Editor-OnlineSubsystemUtils.dll (API version 3709383).
LogModuleManager: Display: Found up-to-date module file ../../../Engine/Plugins/Online/OnlineSubsystemUtils/Binaries/Win64/UE4Editor-OnlineBlueprintSupport.dll (API version 3709383).
LogModuleManager: Display: Found up-to-date module file ../../../Engine/Plugins/Runtime/AndroidDeviceProfileSelector/Binaries/Win64/UE4Editor-AndroidDeviceProfileSelector.dll (API version 3709383).
LogModuleManager: Display: Found up-to-date module file ../../../Engine/Plugins/Runtime/AppleARKit/Binaries/Win64/UE4Editor-AppleARKit.dll (API version 3709383).
LogModuleManager: Display: Found up-to-date module file ../../../Engine/Plugins/Runtime/ArchVisCharacter/Binaries/Win64/UE4Editor-ArchVisCharacter.dll (API version 3709383).
LogModuleManager: Display: Found up-to-date module file ../../../Engine/Plugins/Runtime/CableComponent/Binaries/Win64/UE4Editor-CableComponent.dll (API version 3709383).
LogModuleManager: Display: Found up-to-date module file ../../../Engine/Plugins/Runtime/CustomMeshComponent/Binaries/Win64/UE4Editor-CustomMeshComponent.dll (API version 3709383).
LogModuleManager: Display: Found up-to-date module file ../../../Engine/Plugins/Runtime/ExampleDeviceProfileSelector/Binaries/Win64/UE4Editor-ExampleDeviceProfileSelector.dll (API version 3709383).
LogModuleManager: Display: Found up-to-date module file ../../../Engine/Plugins/Runtime/ImmediatePhysics/Binaries/Win64/UE4Editor-ImmediatePhysics.dll (API version 3709383).
LogModuleManager: Display: Found up-to-date module file ../../../Engine/Plugins/Runtime/ImmediatePhysics/Binaries/Win64/UE4Editor-ImmediatePhysicsEditor.dll (API version 3709383).
LogModuleManager: Display: Found up-to-date module file ../../../Engine/Plugins/Runtime/LocationServicesBPLibrary/Binaries/Win64/UE4Editor-LocationServicesBPLibrary.dll (API version 3709383).
LogModuleManager: Display: Found up-to-date module file ../../../Engine/Plugins/Runtime/MobilePatchingUtils/Binaries/Win64/UE4Editor-MobilePatchingUtils.dll (API version 3709383).
LogModuleManager: Display: Found up-to-date module file ../../../Engine/Plugins/Runtime/Oculus/OculusVR/Binaries/Win64/UE4Editor-OculusHMD.dll (API version 3709383).
LogModuleManager: Display: Found up-to-date module file ../../../Engine/Plugins/Runtime/Oculus/OculusVR/Binaries/Win64/UE4Editor-OculusInput.dll (API version 3709383).
LogModuleManager: Display: Found up-to-date module file ../../../Engine/Plugins/Runtime/Oculus/OculusVR/Binaries/Win64/UE4Editor-OculusEditor.dll (API version 3709383).
LogModuleManager: Display: Found up-to-date module file ../../../Engine/Plugins/Runtime/ProceduralMeshComponent/Binaries/Win64/UE4Editor-ProceduralMeshComponent.dll (API version 3709383).
LogModuleManager: Display: Found up-to-date module file ../../../Engine/Plugins/Runtime/ProceduralMeshComponent/Binaries/Win64/UE4Editor-ProceduralMeshComponentEditor.dll (API version 3709383).
LogModuleManager: Display: Found up-to-date module file ../../../Engine/Plugins/Runtime/RuntimePhysXCooking/Binaries/Win64/UE4Editor-RuntimePhysXCooking.dll (API version 3709383).
LogModuleManager: Display: Found up-to-date module file ../../../Engine/Plugins/Runtime/Steam/SteamVR/Binaries/Win64/UE4Editor-SteamVR.dll (API version 3709383).
LogModuleManager: Display: Found up-to-date module file ../../../Engine/Plugins/Runtime/Steam/SteamVR/Binaries/Win64/UE4Editor-SteamVRController.dll (API version 3709383).
LogModuleManager: Display: Found up-to-date module file ../../../Engine/Plugins/Runtime/WindowsMoviePlayer/Binaries/Win64/UE4Editor-WindowsMoviePlayer.dll (API version 3709383).
LogPluginManager: Mounting plugin Paper2D
LogPluginManager: Mounting plugin LightPropagationVolume
LogPluginManager: Mounting plugin CodeLiteSourceCodeAccess
LogPluginManager: Mounting plugin GitSourceControl
LogPluginManager: Mounting plugin KDevelopSourceCodeAccess
LogPluginManager: Mounting plugin NullSourceCodeAccess
LogPluginManager: Mounting plugin PerforceSourceControl
LogPluginManager: Mounting plugin SubversionSourceControl
LogPluginManager: Mounting plugin UObjectPlugin
LogPluginManager: Mounting plugin VisualStudioCodeSourceCodeAccess
LogPluginManager: Mounting plugin VisualStudioSourceCodeAccess
LogPluginManager: Mounting plugin XCodeSourceCodeAccess
LogPluginManager: Mounting plugin AssetManagerEditor
LogPluginManager: Mounting plugin AudioCapture
LogPluginManager: Mounting plugin FacialAnimation
LogPluginManager: Mounting plugin GameplayTagsEditor
LogPluginManager: Mounting plugin MobileLauncherProfileWizard
LogPluginManager: Mounting plugin PluginBrowser
LogPluginManager: Mounting plugin SpeedTreeImporter
LogPluginManager: Mounting plugin AlembicImporter
LogPluginManager: Mounting plugin CharacterAI
LogPluginManager: Mounting plugin HTML5Networking
LogPluginManager: Mounting plugin RawInput
LogPluginManager: Mounting plugin AndroidMedia
LogPluginManager: Mounting plugin AvfMedia
LogPluginManager: Mounting plugin ImgMedia
LogPluginManager: Mounting plugin MediaCompositing
LogPluginManager: Mounting plugin MediaPlayerEditor
LogPluginManager: Mounting plugin WmfMedia
LogPluginManager: Mounting plugin TcpMessaging
LogPluginManager: Mounting plugin UdpMessaging
LogPluginManager: Mounting plugin ActorSequence
LogPluginManager: Mounting plugin LevelSequenceEditor
LogPluginManager: Mounting plugin MatineeToLevelSequence
LogPluginManager: Mounting plugin OnlineSubsystemGooglePlay
LogPluginManager: Mounting plugin OnlineSubsystemIOS
LogPluginManager: Mounting plugin OnlineSubsystem
LogPluginManager: Mounting plugin OnlineSubsystemNull
LogPluginManager: Mounting plugin OnlineSubsystemUtils
LogPluginManager: Mounting plugin AndroidDeviceProfileSelector
LogPluginManager: Mounting plugin AndroidMoviePlayer
LogPluginManager: Mounting plugin AndroidPermission
LogPluginManager: Mounting plugin AppleARKit
LogPluginManager: Mounting plugin AppleMoviePlayer
LogPluginManager: Mounting plugin ArchVisCharacter
LogPluginManager: Mounting plugin CableComponent
LogPluginManager: Mounting plugin CustomMeshComponent
LogPluginManager: Mounting plugin ExampleDeviceProfileSelector
LogPluginManager: Mounting plugin GoogleCloudMessaging
LogPluginManager: Mounting plugin ImmediatePhysics
LogPluginManager: Mounting plugin IOSDeviceProfileSelector
LogPluginManager: Mounting plugin LinuxDeviceProfileSelector
LogPluginManager: Mounting plugin LocationServicesBPLibrary
LogPluginManager: Mounting plugin MobilePatchingUtils
LogPluginManager: Mounting plugin OculusVR
LogPluginManager: Plugin shader directory ../../../Engine/Plugins/Runtime/Oculus/OculusVR/Shaders found
LogPluginManager: Mapping shader source directory ../../../Engine/Plugins/Runtime/Oculus/OculusVR/Shaders to virtual directory /Plugin/OculusVR
LogPluginManager: Mounting plugin PhysXVehicles
LogPluginManager: Mounting plugin ProceduralMeshComponent
LogPluginManager: Mounting plugin RuntimePhysXCooking
LogPluginManager: Mounting plugin SteamVR
LogPluginManager: Mounting plugin WindowsMoviePlayer
LogInit: Using libcurl 7.47.1
LogInit:  - built for x86_64-pc-win32
LogInit:  - supports SSL with OpenSSL/1.0.2g
LogInit:  - supports HTTP deflate (compression) using libz 1.2.8
LogInit:  - other features:
LogInit:      CURL_VERSION_SSL
LogInit:      CURL_VERSION_LIBZ
LogInit:      CURL_VERSION_IPV6
LogInit:      CURL_VERSION_ASYNCHDNS
LogInit:      CURL_VERSION_LARGEFILE
LogInit:      CURL_VERSION_IDN
LogInit:  CurlRequestOptions (configurable via config and command line):
LogInit:  - bVerifyPeer = false  - Libcurl will NOT verify peer certificate
LogInit:  - bUseHttpProxy = false  - Libcurl will NOT use HTTP proxy
LogInit:  - bDontReuseConnections = false  - Libcurl will reuse connections
LogInit:  - CertBundlePath = nullptr  - Libcurl will use whatever was configured at build time.
LogInit: Build: ++UE4+Release-4.18-CL-3794801
LogInit: Engine Version: 4.18.2-3794801+++UE4+Release-4.18
LogInit: Compatible Engine Version: 4.18.0-3709383+++UE4+Release-4.18
LogInit: Net CL: 3709383
LogDevObjectVersion: Number of dev versions registered: 16
LogDevObjectVersion:   Dev-Blueprints (B0D832E4-1F89-4F0D-ACCF-7EB736FD4AA2): 10
LogDevObjectVersion:   Dev-Build (E1C64328-A22C-4D53-A36C-8E866417BD8C): 0
LogDevObjectVersion:   Dev-Core (375EC13C-06E4-48FB-B500-84F0262A717E): 2
LogDevObjectVersion:   Dev-Editor (E4B068ED-F494-42E9-A231-DA0B2E46BB41): 20
LogDevObjectVersion:   Dev-Framework (CFFC743F-43B0-4480-9391-14DF171D2073): 30
LogDevObjectVersion:   Dev-Mobile (B02B49B5-BB20-44E9-A304-32B752E40360): 0
LogDevObjectVersion:   Dev-Networking (A4E4105C-59A1-49B5-A7C5-40C4547EDFEE): 0
LogDevObjectVersion:   Dev-Online (39C831C9-5AE6-47DC-9A44-9C173E1C8E7C): 0
LogDevObjectVersion:   Dev-Physics (78F01B33-EBEA-4F98-B9B4-84EACCB95AA2): 0
LogDevObjectVersion:   Dev-Platform (6631380F-2D4D-43E0-8009-CF276956A95A): 0
LogDevObjectVersion:   Dev-Rendering (12F88B9F-8875-4AFC-A67C-D90C383ABD29): 20
LogDevObjectVersion:   Dev-Sequencer (7B5AE74C-D270-4C10-A958-57980B212A5A): 4
LogDevObjectVersion:   Dev-VR (D7296918-1DD6-4BDD-9DE2-64A83CC13884): 0
LogDevObjectVersion:   Dev-LoadTimes (C2A15278-BFE7-4AFE-6C17-90FF531DF755): 1
LogDevObjectVersion:   Private-Geometry (6EACA3D4-40EC-4CC1-B786-8BED09428FC5): 1
LogDevObjectVersion:   Dev-AnimPhys (29E575DD-E0A3-4627-9D10-D276232CDCEA): 12
LogInit: Compiled (64-bit): Dec  8 2017 02:04:53
LogInit: Compiled with Visual C++: 19.00.24215.01
LogInit: Build Configuration: Development
LogInit: Branch Name: ++UE4+Release-4.18
LogInit: Command line:  
LogInit: Base directory: D:/Data Desktop/Epic Games/UE_4.18/Engine/Binaries/Win64/
LogInit: Installed Engine Build: 1
LogInit: Presizing for max 8388607 objects, including 0 objects not considered by GC, pre-allocating 0 bytes for permanent pool.
LogInit: Object subsystem initialized
[2018.02.18-05.32.19:408][  0]LogInit: Selected Device Profile: [Windows]
[2018.02.18-05.32.19:408][  0]LogInit: Applying CVar settings loaded from the selected device profile: [Windows]
[2018.02.18-05.32.19:420][  0]LogInit: Computer: PATRICK-PC
[2018.02.18-05.32.19:420][  0]LogInit: User: patrick
[2018.02.18-05.32.19:420][  0]LogInit: CPU Page size=4096, Cores=4
[2018.02.18-05.32.19:420][  0]LogInit: High frequency timer resolution =2.435779 MHz
[2018.02.18-05.32.19:420][  0]LogMemory: Memory total: Physical=15.9GB (16GB approx)
[2018.02.18-05.32.19:420][  0]LogMemory: Platform Memory Stats for Windows
[2018.02.18-05.32.19:420][  0]LogMemory: Process Physical Memory: 273.93 MB used, 273.93 MB peak
[2018.02.18-05.32.19:420][  0]LogMemory: Process Virtual Memory: 271.98 MB used, 271.98 MB peak
[2018.02.18-05.32.19:420][  0]LogMemory: Physical Memory: 7718.75 MB used,  8582.95 MB free, 16301.70 MB total
[2018.02.18-05.32.19:420][  0]LogMemory: Virtual Memory: 684.53 MB used,  8582.95 MB free, 134217728.00 MB total
[2018.02.18-05.32.20:101][  0]LogInit: Using OS detected language (en-US).
[2018.02.18-05.32.20:101][  0]LogInit: Using OS detected locale (en-US).
[2018.02.18-05.32.20:109][  0]LogTextLocalizationManager: No specific localization for 'en-US' exists, so the 'en' localization will be used.
[2018.02.18-05.32.21:448][  0]LogD3D11RHI: D3D11 adapters:
[2018.02.18-05.32.21:524][  0]LogD3D11RHI:    0. 'NVIDIA GeForce GTX 970M' (Feature Level 11_0)
[2018.02.18-05.32.21:524][  0]LogD3D11RHI:       6108/0/8150 MB DedicatedVideo/DedicatedSystem/SharedSystem, Outputs:1, VendorId:0x10de
[2018.02.18-05.32.21:533][  0]LogD3D11RHI:    1. 'Intel(R) HD Graphics 4600' (Feature Level 11_0)
[2018.02.18-05.32.21:533][  0]LogD3D11RHI:       112/0/2048 MB DedicatedVideo/DedicatedSystem/SharedSystem, Outputs:0, VendorId:0x8086
[2018.02.18-05.32.21:538][  0]LogD3D11RHI:    2. 'Microsoft Basic Render Driver' (Feature Level 11_0)
[2018.02.18-05.32.21:538][  0]LogD3D11RHI:       0/0/8150 MB DedicatedVideo/DedicatedSystem/SharedSystem, Outputs:0, VendorId:0x1414
[2018.02.18-05.32.21:538][  0]LogD3D11RHI: Chosen D3D11 Adapter: 0
[2018.02.18-05.32.21:551][  0]LogD3D11RHI: Creating new Direct3DDevice
[2018.02.18-05.32.21:551][  0]LogD3D11RHI:     GPU DeviceId: 0x13d8 (for the marketing name, search the web for "GPU Device Id")
[2018.02.18-05.32.21:551][  0]LogWindows: EnumDisplayDevices:
[2018.02.18-05.32.21:551][  0]LogWindows:    0. 'Intel(R) HD Graphics 4600' (P:1 D:1)
[2018.02.18-05.32.21:552][  0]LogWindows:    1. 'Intel(R) HD Graphics 4600' (P:0 D:0)
[2018.02.18-05.32.21:552][  0]LogWindows:    2. 'Intel(R) HD Graphics 4600' (P:0 D:0)
[2018.02.18-05.32.21:552][  0]LogWindows: DebugString: GetVideoDriverDetailsInvalid PrimaryIsNotTheChoosenAdapter GetVideoDriverDetailsInvalid PrimaryIsNotTheChoosenAdapter GetVideoDriverDetailsInvalid PrimaryIsNotTheChoosenAdapter FoundDriverCount:0 
[2018.02.18-05.32.21:552][  0]LogD3D11RHI:     Adapter Name: NVIDIA GeForce GTX 970M
[2018.02.18-05.32.21:552][  0]LogD3D11RHI:   Driver Version: Unknown (internal:Unknown, unified:Unknown)
[2018.02.18-05.32.21:552][  0]LogD3D11RHI:      Driver Date: Unknown
[2018.02.18-05.32.21:552][  0]LogRHI: Texture pool is 4276 MB (70% of 6108 MB)
[2018.02.18-05.32.21:587][  0]LogD3D11RHI: Async texture creation enabled
[2018.02.18-05.32.21:601][  0]LogD3D11RHI: GPU Timing Frequency: 1000.000000 (Debug: 2 1)
[2018.02.18-05.32.21:601][  0]LogShaderCompilers: Guid format shader working directory is 18 characters bigger than the processId version (../../../../Project_DriftTank/Intermediate/Shaders/WorkingDirectory/19616/).
[2018.02.18-05.32.21:602][  0]LogShaderCompilers: Cleaned the shader compiler working directory 'C:/Users/patrick/AppData/Local/Temp/UnrealShaderWorkingDir/59D11DCA41A7894AAFA584BB44343F33/'.
[2018.02.18-05.32.21:602][  0]LogShaderCompilers: Display: Using Local Shader Compiler.
[2018.02.18-05.32.23:401][  0]LogTemp: Display: Loaded TP AllDesktopTargetPlatform
[2018.02.18-05.32.23:631][  0]LogTemp: Display: Loaded TP MacClientTargetPlatform
[2018.02.18-05.32.23:858][  0]LogTemp: Display: Loaded TP MacNoEditorTargetPlatform
[2018.02.18-05.32.24:081][  0]LogTemp: Display: Loaded TP MacServerTargetPlatform
[2018.02.18-05.32.24:306][  0]LogTemp: Display: Loaded TP MacTargetPlatform
[2018.02.18-05.32.24:522][  0]LogTemp: Display: Loaded TP WindowsClientTargetPlatform
[2018.02.18-05.32.24:749][  0]LogTemp: Display: Loaded TP WindowsNoEditorTargetPlatform
[2018.02.18-05.32.24:978][  0]LogTemp: Display: Loaded TP WindowsServerTargetPlatform
[2018.02.18-05.32.25:198][  0]LogTemp: Display: Loaded TP WindowsTargetPlatform
[2018.02.18-05.32.25:419][  0]LogTemp: Display: Loaded TP Android_ASTCTargetPlatform
[2018.02.18-05.32.25:637][  0]LogTemp: Display: Loaded TP Android_ATCTargetPlatform
[2018.02.18-05.32.25:861][  0]LogTemp: Display: Loaded TP Android_DXTTargetPlatform
[2018.02.18-05.32.26:070][  0]LogTemp: Display: Loaded TP Android_ETC1TargetPlatform
[2018.02.18-05.32.26:268][  0]LogTemp: Display: Loaded TP Android_ETC2TargetPlatform
[2018.02.18-05.32.26:649][  0]LogTemp: Display: Loaded TP Android_MultiTargetPlatform
[2018.02.18-05.32.26:649][  0]LogTemp: Display: Loaded TP Android_PVRTCTargetPlatform
[2018.02.18-05.32.26:835][  0]LogTemp: Display: Loaded TP AndroidTargetPlatform
[2018.02.18-05.32.27:024][  0]LogTemp: Display: Loaded TP HTML5TargetPlatform
[2018.02.18-05.32.27:320][  0]LogTemp: Display: Loaded TP IOSTargetPlatform
[2018.02.18-05.32.27:409][  0]LogTemp: Display: Loaded TP TVOSTargetPlatform
[2018.02.18-05.32.27:603][  0]LogTemp: Display: Loaded TP LinuxClientTargetPlatform
[2018.02.18-05.32.27:802][  0]LogTemp: Display: Loaded TP LinuxNoEditorTargetPlatform
[2018.02.18-05.32.28:020][  0]LogTemp: Display: Loaded TP LinuxServerTargetPlatform
[2018.02.18-05.32.28:238][  0]LogTemp: Display: Loaded TP LinuxTargetPlatform
[2018.02.18-05.32.28:239][  0]LogTargetPlatformManager: Display: Building Assets For Windows
[2018.02.18-05.32.30:196][  0]LogDerivedDataCache: Display: Max Cache Size: 512 MB
[2018.02.18-05.32.30:278][  0]LogDerivedDataCache: Loaded boot cache 0.08s 78MB C:/Users/patrick/AppData/Local/UnrealEngine/4.18/DerivedDataCache/Boot.ddc.
[2018.02.18-05.32.30:278][  0]LogDerivedDataCache: Display: Loaded Boot cache: C:/Users/patrick/AppData/Local/UnrealEngine/4.18/DerivedDataCache/Boot.ddc
[2018.02.18-05.32.30:278][  0]LogDerivedDataCache: FDerivedDataBackendGraph:  Pak pak cache file ../../../../Project_DriftTank/DerivedDataCache/DDC.ddp not found, will not use a pak cache.
[2018.02.18-05.32.30:278][  0]LogDerivedDataCache: Unable to find inner node Pak for hierarchical cache Hierarchy.
[2018.02.18-05.32.30:278][  0]LogDerivedDataCache: FDerivedDataBackendGraph:  CompressedPak pak cache file ../../../../Project_DriftTank/DerivedDataCache/Compressed.ddp not found, will not use a pak cache.
[2018.02.18-05.32.30:278][  0]LogDerivedDataCache: Unable to find inner node CompressedPak for hierarchical cache Hierarchy.
[2018.02.18-05.32.30:296][  0]LogDerivedDataCache: Display: Pak cache opened for reading ../../../Engine/DerivedDataCache/Compressed.ddp.
[2018.02.18-05.32.30:312][  0]LogDerivedDataCache: Using Local data cache path C:/Users/patrick/AppData/Local/UnrealEngine/Common/DerivedDataCache: Writable
[2018.02.18-05.32.30:324][  0]LogMaterial: Verifying Global Shaders for PCD3D_SM5
[2018.02.18-05.32.30:324][  0]LogSlate: Using Freetype 2.6.0
[2018.02.18-05.32.30:326][  0]LogSlate: SlateFontCache - WITH_FREETYPE: 1, WITH_HARFBUZZ: 1
[2018.02.18-05.32.30:326][  0]LogSlate: SlateFontCache - WITH_FREETYPE: 1, WITH_HARFBUZZ: 1
[2018.02.18-05.32.30:913][  0]LogInit: Selected Device Profile: [Windows]
[2018.02.18-05.32.31:987][  0]LogSimplygon: Simplygon DLL not present - disabling.
[2018.02.18-05.32.32:173][  0]LogMeshReduction: Using SimplygonSwarm for distributed automatic mesh merging
[2018.02.18-05.32.32:173][  0]LogMeshReduction: Using QuadricMeshReduction for automatic static mesh reduction
[2018.02.18-05.32.32:173][  0]LogMeshReduction: No automatic skeletal mesh reduction module available
[2018.02.18-05.32.32:173][  0]LogMeshReduction: No automatic mesh merging module available
[2018.02.18-05.32.32:173][  0]LogMeshMerging: No automatic mesh merging module available
[2018.02.18-05.32.32:223][  0]LogNetVersion: Project_DriftTank , NetCL: 3709383, EngineNetVer: 2, GameNetVer: 0 (Checksum: 1299574986)
[2018.02.18-05.32.32:585][  0]LogAssetRegistry: FAssetRegistry took 0.0287 seconds to start up
[2018.02.18-05.32.33:615][  0]LogPackageLocalizationCache: Processed 7 localized package path(s) for 2 prioritized culture(s) in 0.159999 seconds
[2018.02.18-05.32.33:624][  0]LogUObjectArray: 35900 objects as part of root set at end of initial load.
[2018.02.18-05.32.33:624][  0]LogUObjectAllocator: 7372024 out of 0 bytes used by permanent object pool.
[2018.02.18-05.32.33:624][  0]LogUObjectArray: CloseDisregardForGC: 0/0 objects in disregard for GC pool
[2018.02.18-05.32.33:874][  0]LogInit: WinSock: version 1.1 (2.2), MaxSocks=32767, MaxUdp=65467
[2018.02.18-05.32.42:223][  0]LogTcpMessaging: Initializing TcpMessaging bridge
[2018.02.18-05.32.42:349][  0]LogUdpMessaging: Initializing bridge on interface 0.0.0.0:0 to multicast group 230.0.0.1:6666.
[2018.02.18-05.32.45:820][  0]LogMaterial: Uniform references updated for custom material expression Custom.
[2018.02.18-05.32.47:776][  0]SourceControl: Source control is disabled
[2018.02.18-05.32.47:776][  0]SourceControl: Source control is disabled
[2018.02.18-05.32.48:010][  0]SourceControl: Source control is disabled
[2018.02.18-05.32.48:240][  0]SourceControl: Source control is disabled
[2018.02.18-05.32.51:770][  0]LogAndroidPermission: UAndroidPermissionCallbackProxy::GetInstance
[2018.02.18-05.32.52:843][  0]LogOcInput: OculusInput pre-init called
[2018.02.18-05.32.53:906][  0]LogEngine: Initializing Engine...
[2018.02.18-05.32.53:908][  0]LogHMD: Failed to initialize OpenVR with code 110
[2018.02.18-05.32.54:161][  0]LogStats: UGameplayTagsManager::ConstructGameplayTagTree: Construct from data asset -  0.000 s
[2018.02.18-05.32.54:161][  0]LogStats: UGameplayTagsManager::ConstructGameplayTagTree: GameplayTagTreeChangedEvent.Broadcast -  0.000 s
[2018.02.18-05.32.54:702][  0]LogAIModule: Creating AISystem for world Untitled
[2018.02.18-05.32.54:712][  0]LogInit: XAudio2 using 'Speakers (Realtek High Definition Audio)' : 2 channels at 48 kHz using 32 bits per sample (channel mask 0x3)
[2018.02.18-05.32.54:736][  0]LogInit: FAudioDevice initialized.
[2018.02.18-05.32.54:829][  0]LogDerivedDataCache: Saved boot cache 0.09s 78MB C:/Users/patrick/AppData/Local/UnrealEngine/4.18/DerivedDataCache/Boot.ddc.
[2018.02.18-05.32.54:843][  0]LogInit: Texture streaming: Enabled
[2018.02.18-05.32.55:283][  0]LogEngineSessionManager: EngineSessionManager initialized
[2018.02.18-05.32.55:829][  0]LogInit: Transaction tracking system initialized
[2018.02.18-05.32.57:209][  0]BlueprintLog: New page: Editor Load
[2018.02.18-05.33.01:163][  0]LocalizationService: Localization service is disabled
[2018.02.18-05.33.04:744][  0]LogConsoleResponse: Display: 
[2018.02.18-05.33.05:063][  0]LogCook: Display: Max memory allowance for cook 16384mb min free memory 0mb
[2018.02.18-05.33.05:063][  0]LogCook: Display: Mobile HDR setting 1
[2018.02.18-05.33.05:063][  0]LogGameplayTags: Display: UGameplayTagsManager::DoneAddingNativeTags. DelegateIsBound: 0
[2018.02.18-05.33.06:075][  0]LogFileCache: Scanning file cache for directory 'D:/Data Desktop/Epic Games/Project_DriftTank/Content/' took 0.01s
[2018.02.18-05.33.10:094][  0]SourceControl: Source control is disabled
[2018.02.18-05.33.10:094][  0]Cmd: MAP LOAD FILE="../../../../Project_DriftTank/Content/VehicleBP/Maps/VehicleExampleMap.umap" TEMPLATE=0 SHOWPROGRESS=1 FEATURELEVEL=3
[2018.02.18-05.33.10:095][  0]LightingResults: New page: Lighting Build
[2018.02.18-05.33.10:284][  0]MapCheck: New page: Map Check
[2018.02.18-05.33.10:284][  0]LightingResults: New page: Lighting Build
[2018.02.18-05.33.10:886][  0]LogAIModule: Creating AISystem for world VehicleExampleMap
[2018.02.18-05.33.10:898][  0]LogEditorServer: Finished looking for orphan Actors (0.000 secs)
[2018.02.18-05.33.10:912][  0]Cmd: MAP CHECKDEP NOCLEARLOG
[2018.02.18-05.33.11:113][  0]MapCheck: Map check complete: 0 Error(s), 0 Warning(s), took 201.046ms to complete.
[2018.02.18-05.33.11:114][  0]LogFileHelpers: Loading map 'VehicleExampleMap' took 1.019
[2018.02.18-05.33.11:341][  0]LogCollectionManager: Loaded 0 collections in 0.001625 seconds
[2018.02.18-05.33.11:559][  0]LogFileCache: Scanning file cache for directory 'D:/Data Desktop/Epic Games/Project_DriftTank/Saved/Collections/' took 0.01s
[2018.02.18-05.33.11:559][  0]LogFileCache: Scanning file cache for directory 'D:/Data Desktop/Epic Games/Project_DriftTank/Content/Developers/patrick/Collections/' took 0.01s
[2018.02.18-05.33.11:559][  0]LogFileCache: Scanning file cache for directory 'D:/Data Desktop/Epic Games/Project_DriftTank/Content/Collections/' took 0.01s
[2018.02.18-05.33.11:559][  0]LogCollectionManager: Rebuilt the GUID cache for 0 collections in 0.000000 seconds
[2018.02.18-05.33.11:568][  0]LogContentBrowser: Native class hierarchy populated in 0.0089 seconds. Added 2365 classes and 522 folders.
[2018.02.18-05.33.11:848][  0]LogContentBrowser: Native class hierarchy updated for 'WidgetCarousel' in 0.0004 seconds. Added 0 classes and 0 folders.
[2018.02.18-05.33.11:958][  0]LogContentBrowser: Native class hierarchy updated for 'AddContentDialog' in 0.0003 seconds. Added 0 classes and 0 folders.
[2018.02.18-05.33.12:148][  0]LogContentBrowser: Native class hierarchy updated for 'SceneOutliner' in 0.0004 seconds. Added 1 classes and 2 folders.
[2018.02.18-05.33.12:237][  0]LogSlate: Took 0.000543 seconds to synchronously load lazily loaded font '../../../Engine/Content/Slate/Fonts/Roboto-Regular.ttf' (155K)
[2018.02.18-05.33.12:240][  0]LogSlate: Took 0.000525 seconds to synchronously load lazily loaded font '../../../Engine/Content/Slate/Fonts/Roboto-Bold.ttf' (160K)
[2018.02.18-05.33.12:247][  0]LogSlate: Took 0.000441 seconds to synchronously load lazily loaded font '../../../Engine/Content/Editor/Slate/Fonts/FontAwesome.ttf' (139K)
[2018.02.18-05.33.12:377][  0]LogRenderer: Reallocating scene render targets to support 1052x676 Format 10 NumSamples 1 (Frame:1).
[2018.02.18-05.33.12:713][  0]LogContentBrowser: Native class hierarchy updated for 'HierarchicalLODOutliner' in 0.0004 seconds. Added 1 classes and 2 folders.
[2018.02.18-05.33.12:713][  0]LogLoad: (Engine Initialization) Total time: 59.02 seconds
[2018.02.18-05.33.12:713][  0]LogLoad: (Engine Initialization) Total Blueprint compile time: 0.00 seconds
[2018.02.18-05.33.12:713][  0]LogExternalProfiler: Found external profiler: VSPerf
[2018.02.18-05.33.12:713][  0]LogExternalProfiler: Using external profiler: VSPerf
[2018.02.18-05.33.13:054][  0]LogRawInputWindows: Warning: Found device 0 devices
[2018.02.18-05.33.13:054][  0]LogRawInputWindows: Warning: Found device 0 devices
[2018.02.18-05.33.13:054][  0]LogRawInputWindows: Warning: Device was registered succesfully but not connected (Usage:4 UsagePage:1)
[2018.02.18-05.33.13:054][  0]LogRawInputWindows: Warning: Found device 1 devices
[2018.02.18-05.33.13:054][  0]LogRawInputWindows: Warning: Device was registered succesfully but not connected (Usage:5 UsagePage:1)
[2018.02.18-05.33.13:075][  0]LogAssetRegistry: Asset discovery search completed in 40.5126 seconds
[2018.02.18-05.33.13:077][  0]LogCollectionManager: Rebuilt the object cache for 0 collections in 0.000000 seconds (found 0 objects)
[2018.02.18-05.33.13:077][  0]LogCollectionManager: Fixed up redirectors for 0 collections in 0.000060 seconds (updated 0 objects)
[2018.02.18-05.33.13:080][  0]LogContentStreaming: Texture pool size now 1000 MB
[2018.02.18-05.33.13:131][  0]LogSlate: Took 0.000498 seconds to synchronously load lazily loaded font '../../../Engine/Content/Slate/Fonts/Roboto-Light.ttf' (159K)
[2018.02.18-05.33.14:054][  3]LogSlate: Took 0.000543 seconds to synchronously load lazily loaded font '../../../Engine/Content/Slate/Fonts/Roboto-Light.ttf' (159K)
[2018.02.18-05.33.58:450][167]SourceControl: Source control is disabled
[2018.02.18-05.34.06:443][478]LogSlate: Only BGRA pngs, bmps or icos are supported in by External Image Picker
[2018.02.18-05.34.06:577][479]LogTemp: Executing iPhonePackager certificates Engine -bundlename com.YourCompany.ProjectDriftTank
[2018.02.18-05.34.06:577][479]LogTemp: CWD: D:\Data Desktop\Epic Games\UE_4.18\Engine\Binaries\DotNET\IOS
[2018.02.18-05.34.06:577][479]LogTemp: Initial Dir: D:\Data Desktop\Epic Games\UE_4.18
[2018.02.18-05.34.06:577][479]LogTemp: Env CWD: D:\Data Desktop\Epic Games\UE_4.18\Engine\Binaries\DotNET\IOS
[2018.02.18-05.34.06:577][479]LogTemp: BranchPath = PATRICK-PC/D/Data Desktop/Epic Games/UE_4.18/Engine/Binaries --- GameBranchPath = PATRICK-PC/D/Data Desktop/Epic Games/UE_4.18/Engine/Binaries
[2018.02.18-05.34.06:577][479]LogTemp: IPP ERROR: Could not find provision directory 'C:\Users\patrick\AppData\Local/Apple Computer/MobileDevice/Provisioning Profiles/'.
[2018.02.18-05.34.22:000][399]LogDirectoryWatcher: Warning: Failed to begin reading directory changes for ../../../../Project_DriftTank/Plugins/. Error: The system cannot find the file specified. (0x00000002)
[2018.02.18-05.34.35:061][164]LogDirectoryWatcher: A directory notification for '../../../Engine/Plugins/' was aborted.
[2018.02.18-05.34.59:592][621]LogTemp: Repeating last play command: Selected Viewport
[2018.02.18-05.34.59:656][621]LogBlueprintUserMessages: Early PlayInEditor Detection: Level '/Game/VehicleBP/Maps/VehicleExampleMap.VehicleExampleMap:PersistentLevel' has LevelScriptBlueprint '/Game/VehicleBP/Maps/VehicleExampleMap.VehicleExampleMap:PersistentLevel.VehicleExampleMap' with GeneratedClass '/Game/VehicleBP/Maps/VehicleExampleMap.VehicleExampleMap_C' with ClassGeneratedBy '/Game/VehicleBP/Maps/VehicleExampleMap.VehicleExampleMap:PersistentLevel.VehicleExampleMap'
[2018.02.18-05.34.59:656][621]LogPlayLevel: PlayLevel: No blueprints needed recompiling
[2018.02.18-05.34.59:657][621]PIE: New page: PIE session: VehicleExampleMap (Feb 17, 2018, 7:34:59 PM)
[2018.02.18-05.34.59:657][621]LogPlayLevel: Creating play world package: /Game/VehicleBP/Maps/UEDPIE_0_VehicleExampleMap
[2018.02.18-05.34.59:694][621]LogPlayLevel: PIE: StaticDuplicateObject took: (0.037597s)
[2018.02.18-05.34.59:696][621]LogAIModule: Creating AISystem for world VehicleExampleMap
[2018.02.18-05.34.59:696][621]LogPlayLevel: PIE: World Init took: (0.001630s)
[2018.02.18-05.34.59:697][621]LogPlayLevel: PIE: Created PIE world by copying editor world from /Game/VehicleBP/Maps/VehicleExampleMap.VehicleExampleMap to /Game/VehicleBP/Maps/UEDPIE_0_VehicleExampleMap.VehicleExampleMap (0.039793s)
[2018.02.18-05.34.59:732][621]LogInit: XAudio2 using 'Speakers (Realtek High Definition Audio)' : 2 channels at 48 kHz using 32 bits per sample (channel mask 0x3)
[2018.02.18-05.34.59:759][621]LogInit: FAudioDevice initialized.
[2018.02.18-05.34.59:807][621]LogLoad: Game class is 'VehicleGameMode_C'
[2018.02.18-05.34.59:815][621]LogWorld: Bringing World /Game/VehicleBP/Maps/UEDPIE_0_VehicleExampleMap.VehicleExampleMap up for play (max tick rate 60) at 2018.02.18-00.34.59
[2018.02.18-05.34.59:816][621]LogWorld: Bringing up level for play took: 0.005364
[2018.02.18-05.35.00:092][621]LogContentBrowser: Native class hierarchy updated for 'MovieSceneCapture' in 0.0005 seconds. Added 11 classes and 0 folders.
[2018.02.18-05.35.00:095][621]PIE: Play in editor start time for /Game/VehicleBP/Maps/UEDPIE_0_VehicleExampleMap 1.243
[2018.02.18-05.35.00:108][621]LogBlueprintUserMessages: Late PlayInEditor Detection: Level '/Game/VehicleBP/Maps/VehicleExampleMap.VehicleExampleMap:PersistentLevel' has LevelScriptBlueprint '/Game/VehicleBP/Maps/VehicleExampleMap.VehicleExampleMap:PersistentLevel.VehicleExampleMap' with GeneratedClass '/Game/VehicleBP/Maps/VehicleExampleMap.VehicleExampleMap_C' with ClassGeneratedBy '/Game/VehicleBP/Maps/VehicleExampleMap.VehicleExampleMap:PersistentLevel.VehicleExampleMap'
[2018.02.18-05.36.00:812][259]LogBlueprintUserMessages: Early EndPlayMap Detection: Level '/Game/VehicleBP/Maps/VehicleExampleMap.VehicleExampleMap:PersistentLevel' has LevelScriptBlueprint '/Game/VehicleBP/Maps/VehicleExampleMap.VehicleExampleMap:PersistentLevel.VehicleExampleMap' with GeneratedClass '/Game/VehicleBP/Maps/VehicleExampleMap.VehicleExampleMap_C' with ClassGeneratedBy '/Game/VehicleBP/Maps/VehicleExampleMap.VehicleExampleMap:PersistentLevel.VehicleExampleMap'
[2018.02.18-05.36.00:853][259]LogBlueprintUserMessages: Late EndPlayMap Detection: Level '/Game/VehicleBP/Maps/VehicleExampleMap.VehicleExampleMap:PersistentLevel' has LevelScriptBlueprint '/Game/VehicleBP/Maps/VehicleExampleMap.VehicleExampleMap:PersistentLevel.VehicleExampleMap' with GeneratedClass '/Game/VehicleBP/Maps/VehicleExampleMap.VehicleExampleMap_C' with ClassGeneratedBy '/Game/VehicleBP/Maps/VehicleExampleMap.VehicleExampleMap:PersistentLevel.VehicleExampleMap'
[2018.02.18-05.37.57:395][ 54]SourceControl: Error: Failed to enable Git source control. You need to install Git and specify a valid path to git executable.
[2018.02.18-05.46.15:742][463]SourceControl: Source control is disabled
[2018.02.18-05.46.19:379][676]LogWindowsTextInputMethodSystem: Display: IME system now deactivated.
[2018.02.18-05.46.19:656][677]Cmd: QUIT_EDITOR
[2018.02.18-05.46.19:708][677]LogExit: Preparing to exit.
[2018.02.18-05.46.20:727][677]LogDirectoryWatcher: A directory notification for 'D:/Data Desktop/Epic Games/Project_DriftTank/Content/' was aborted.
[2018.02.18-05.46.20:743][677]LogExit: Editor shut down
[2018.02.18-05.46.20:748][677]LogExit: Transaction tracking system shut down
[2018.02.18-05.46.20:865][677]LogDirectoryWatcher: A directory notification for '../../../Engine/Content/' was aborted.
[2018.02.18-05.46.20:866][677]LogDirectoryWatcher: A directory notification for '../../../../Project_DriftTank/Content/' was aborted.
[2018.02.18-05.46.20:866][677]LogDirectoryWatcher: A directory notification for '../../../Engine/Plugins/2D/Paper2D/Content/' was aborted.
[2018.02.18-05.46.20:866][677]LogDirectoryWatcher: A directory notification for '../../../Engine/Plugins/Media/MediaCompositing/Content/' was aborted.
[2018.02.18-05.46.20:866][677]LogDirectoryWatcher: A directory notification for '../../../Engine/Plugins/Runtime/AppleARKit/Content/' was aborted.
[2018.02.18-05.46.20:866][677]LogDirectoryWatcher: A directory notification for '../../../Engine/Plugins/Runtime/Oculus/OculusVR/Content/' was aborted.
[2018.02.18-05.46.20:866][677]LogDirectoryWatcher: A directory notification for '../../../Engine/Plugins/Runtime/Steam/SteamVR/Content/' was aborted.
[2018.02.18-05.46.20:925][677]LogExit: Object subsystem successfully closed.
[2018.02.18-05.46.20:951][677]LogD3D11RHI: Shutdown
[2018.02.18-05.46.20:951][677]LogD3D11RHI: CleanupD3DDevice
[2018.02.18-05.46.20:954][677]LogD3D11RHI: ~FD3D11DynamicRHI
[2018.02.18-05.46.21:013][677]LogModuleManager: Shutting down and abandoning module MovieSceneCapture (554)
[2018.02.18-05.46.21:013][677]LogModuleManager: Shutting down and abandoning module ExternalImagePicker (552)
[2018.02.18-05.46.21:013][677]LogModuleManager: Shutting down and abandoning module HierarchicalLODOutliner (550)
[2018.02.18-05.46.21:013][677]LogModuleManager: Shutting down and abandoning module SceneOutliner (548)
[2018.02.18-05.46.21:013][677]LogModuleManager: Shutting down and abandoning module AddContentDialog (546)
[2018.02.18-05.46.21:013][677]LogDirectoryWatcher: A directory notification for 'D:/Data Desktop/Epic Games/UE_4.18/FeaturePacks/' was aborted.
[2018.02.18-05.46.21:016][677]LogModuleManager: Shutting down and abandoning module WidgetCarousel (545)
[2018.02.18-05.46.21:016][677]LogModuleManager: Shutting down and abandoning module EditorWidgets (542)
[2018.02.18-05.46.21:016][677]LogModuleManager: Shutting down and abandoning module CollectionManager (540)
[2018.02.18-05.46.21:016][677]LogDirectoryWatcher: A directory notification for 'D:/Data Desktop/Epic Games/Project_DriftTank/Content/Collections/' was aborted.
[2018.02.18-05.46.21:016][677]LogDirectoryWatcher: A directory notification for 'D:/Data Desktop/Epic Games/Project_DriftTank/Content/Developers/patrick/Collections/' was aborted.
[2018.02.18-05.46.21:016][677]LogDirectoryWatcher: A directory notification for 'D:/Data Desktop/Epic Games/Project_DriftTank/Saved/Collections/' was aborted.
[2018.02.18-05.46.21:017][677]LogModuleManager: Shutting down and abandoning module StatsViewer (538)
[2018.02.18-05.46.21:017][677]LogModuleManager: Shutting down and abandoning module FoliageEdit (536)
[2018.02.18-05.46.21:017][677]LogModuleManager: Shutting down and abandoning module LandscapeEditor (534)
[2018.02.18-05.46.21:017][677]LogModuleManager: Shutting down and abandoning module MeshPaintMode (532)
[2018.02.18-05.46.21:017][677]LogModuleManager: Shutting down and abandoning module SceneDepthPickerMode (530)
[2018.02.18-05.46.21:017][677]LogModuleManager: Shutting down and abandoning module ActorPickerMode (528)
[2018.02.18-05.46.21:017][677]LogModuleManager: Shutting down and abandoning module GeometryMode (526)
[2018.02.18-05.46.21:017][677]LogModuleManager: Shutting down and abandoning module TextureAlignMode (524)
[2018.02.18-05.46.21:017][677]LogModuleManager: Shutting down and abandoning module BspMode (522)
[2018.02.18-05.46.21:017][677]LogModuleManager: Shutting down and abandoning module PIEPreviewDeviceProfileSelector (520)
[2018.02.18-05.46.21:017][677]LogModuleManager: Shutting down and abandoning module HardwareSurvey (518)
[2018.02.18-05.46.21:017][677]LogModuleManager: Shutting down and abandoning module SequenceRecorderSections (516)
[2018.02.18-05.46.21:017][677]LogModuleManager: Shutting down and abandoning module AutomationWorker (514)
[2018.02.18-05.46.21:017][677]LogModuleManager: Shutting down and abandoning module MatineeToLevelSequence (512)
[2018.02.18-05.46.21:017][677]LogModuleManager: Shutting down and abandoning module LevelSequenceEditor (510)
[2018.02.18-05.46.21:017][677]LogModuleManager: Shutting down and abandoning module PlacementMode (509)
[2018.02.18-05.46.21:017][677]LogModuleManager: Shutting down and abandoning module WmfMediaFactory (506)
[2018.02.18-05.46.21:017][677]LogModuleManager: Shutting down and abandoning module WmfMediaEditor (504)
[2018.02.18-05.46.21:017][677]LogModuleManager: Shutting down and abandoning module OpenExrWrapper (502)
[2018.02.18-05.46.21:017][677]LogModuleManager: Shutting down and abandoning module ImgMediaFactory (500)
[2018.02.18-05.46.21:017][677]LogModuleManager: Shutting down and abandoning module ImgMediaEditor (498)
[2018.02.18-05.46.21:017][677]LogModuleManager: Shutting down and abandoning module AvfMediaFactory (496)
[2018.02.18-05.46.21:018][677]LogModuleManager: Shutting down and abandoning module AvfMediaEditor (494)
[2018.02.18-05.46.21:018][677]LogModuleManager: Shutting down and abandoning module AndroidMediaFactory (492)
[2018.02.18-05.46.21:018][677]LogModuleManager: Shutting down and abandoning module AndroidMediaEditor (490)
[2018.02.18-05.46.21:018][677]LogModuleManager: Shutting down and abandoning module CharacterAI (488)
[2018.02.18-05.46.21:018][677]LogModuleManager: Shutting down and abandoning module AudioCapture (486)
[2018.02.18-05.46.21:018][677]LogModuleManager: Shutting down and abandoning module SequenceRecorder (485)
[2018.02.18-05.46.21:018][677]LogModuleManager: Shutting down and abandoning module SmartSnapping (482)
[2018.02.18-05.46.21:018][677]LogModuleManager: Shutting down and abandoning module SessionServices (480)
[2018.02.18-05.46.21:018][677]LogModuleManager: Shutting down and abandoning module ViewportSnapping (478)
[2018.02.18-05.46.21:018][677]LogModuleManager: Shutting down and abandoning module ViewportInteraction (476)
[2018.02.18-05.46.21:018][677]LogModuleManager: Shutting down and abandoning module ClothPainter (474)
[2018.02.18-05.46.21:018][677]LogModuleManager: Shutting down and abandoning module SkeletalMeshEditor (473)
[2018.02.18-05.46.21:018][677]LogModuleManager: Shutting down and abandoning module LogVisualizer (470)
[2018.02.18-05.46.21:018][677]LogModuleManager: Shutting down and abandoning module IntroTutorials (468)
[2018.02.18-05.46.21:018][677]LogModuleManager: Shutting down and abandoning module GameProjectGeneration (467)
[2018.02.18-05.46.21:018][677]LogModuleManager: Shutting down and abandoning module IOSPlatformEditor (464)
[2018.02.18-05.46.21:018][677]LogModuleManager: Shutting down and abandoning module HTML5PlatformEditor (462)
[2018.02.18-05.46.21:018][677]LogModuleManager: Shutting down and abandoning module AndroidPlatformEditor (460)
[2018.02.18-05.46.21:018][677]LogModuleManager: Shutting down and abandoning module AndroidDeviceDetection (459)
[2018.02.18-05.46.21:321][677]LogModuleManager: Shutting down and abandoning module WindowsPlatformEditor (456)
[2018.02.18-05.46.21:321][677]LogModuleManager: Shutting down and abandoning module IOSRuntimeSettings (454)
[2018.02.18-05.46.21:321][677]LogModuleManager: Shutting down and abandoning module AndroidRuntimeSettings (452)
[2018.02.18-05.46.21:321][677]LogModuleManager: Shutting down and abandoning module InputBindingEditor (450)
[2018.02.18-05.46.21:321][677]LogModuleManager: Shutting down and abandoning module MergeActors (448)
[2018.02.18-05.46.21:321][677]LogModuleManager: Shutting down and abandoning module SizeMap (446)
[2018.02.18-05.46.21:321][677]LogModuleManager: Shutting down and abandoning module TreeMap (444)
[2018.02.18-05.46.21:321][677]LogModuleManager: Shutting down and abandoning module ReferenceViewer (442)
[2018.02.18-05.46.21:321][677]LogModuleManager: Shutting down and abandoning module LocalizationDashboard (440)
[2018.02.18-05.46.21:321][677]LogModuleManager: Shutting down and abandoning module LocalizationService (439)
[2018.02.18-05.46.21:321][677]LogModuleManager: Shutting down and abandoning module HardwareTargeting (436)
[2018.02.18-05.46.21:321][677]LogModuleManager: Shutting down and abandoning module DeviceProfileEditor (434)
[2018.02.18-05.46.21:321][677]LogModuleManager: Shutting down and abandoning module UndoHistory (432)
[2018.02.18-05.46.21:321][677]LogModuleManager: Shutting down and abandoning module XmlParser (430)
[2018.02.18-05.46.21:321][677]LogModuleManager: Shutting down and abandoning module Blutility (428)
[2018.02.18-05.46.21:321][677]LogModuleManager: Shutting down and abandoning module ProjectSettingsViewer (426)
[2018.02.18-05.46.21:321][677]LogModuleManager: Shutting down and abandoning module ProjectTargetPlatformEditor (425)
[2018.02.18-05.46.21:322][677]LogModuleManager: Shutting down and abandoning module EditorSettingsViewer (422)
[2018.02.18-05.46.21:322][677]LogModuleManager: Shutting down and abandoning module SettingsEditor (420)
[2018.02.18-05.46.21:322][677]LogModuleManager: Shutting down and abandoning module ProjectLauncher (418)
[2018.02.18-05.46.21:322][677]LogModuleManager: Shutting down and abandoning module SessionFrontend (416)
[2018.02.18-05.46.21:322][677]LogModuleManager: Shutting down and abandoning module ProfilerClient (414)
[2018.02.18-05.46.21:322][677]LogModuleManager: Shutting down and abandoning module DeviceManager (412)
[2018.02.18-05.46.21:322][677]LogModuleManager: Shutting down and abandoning module TargetDeviceServices (411)
[2018.02.18-05.46.21:375][677]LogModuleManager: Shutting down and abandoning module AutomationController (408)
[2018.02.18-05.46.21:375][677]LogModuleManager: Shutting down and abandoning module AutomationWindow (406)
[2018.02.18-05.46.21:375][677]LogModuleManager: Shutting down and abandoning module Layers (404)
[2018.02.18-05.46.21:375][677]LogModuleManager: Shutting down and abandoning module ComponentVisualizers (402)
[2018.02.18-05.46.21:375][677]LogModuleManager: Shutting down and abandoning module DetailCustomizations (400)
[2018.02.18-05.46.21:375][677]LogModuleManager: Shutting down and abandoning module PackagesDialog (398)
[2018.02.18-05.46.21:375][677]LogModuleManager: Shutting down and abandoning module Persona (396)
[2018.02.18-05.46.21:375][677]LogModuleManager: Shutting down and abandoning module AdvancedPreviewScene (395)
[2018.02.18-05.46.21:375][677]LogModuleManager: Shutting down and abandoning module AnimGraph (393)
[2018.02.18-05.46.21:375][677]LogModuleManager: Shutting down and abandoning module Kismet (390)
[2018.02.18-05.46.21:376][677]LogModuleManager: Shutting down and abandoning module ClassViewer (388)
[2018.02.18-05.46.21:376][677]LogModuleManager: Shutting down and abandoning module Toolbox (386)
[2018.02.18-05.46.21:376][677]LogModuleManager: Shutting down and abandoning module ModuleUI (384)
[2018.02.18-05.46.21:376][677]LogModuleManager: Shutting down and abandoning module MovieSceneTools (382)
[2018.02.18-05.46.21:376][677]LogModuleManager: Shutting down and abandoning module OutputLog (380)
[2018.02.18-05.46.21:376][677]LogModuleManager: Shutting down and abandoning module GammaUI (378)
[2018.02.18-05.46.21:376][677]LogModuleManager: Shutting down and abandoning module Documentation (376)
[2018.02.18-05.46.21:376][677]LogModuleManager: Shutting down and abandoning module MovieSceneTracks (374)
[2018.02.18-05.46.21:376][677]LogModuleManager: Shutting down and abandoning module MovieScene (372)
[2018.02.18-05.46.21:376][677]LogModuleManager: Shutting down and abandoning module StreamingPauseRendering (370)
[2018.02.18-05.46.21:376][677]LogModuleManager: Shutting down and abandoning module LauncherPlatform (368)
[2018.02.18-05.46.21:376][677]LogModuleManager: Shutting down and abandoning module AnalyticsET (366)
[2018.02.18-05.46.21:376][677]LogModuleManager: Shutting down and abandoning module PortalServices (364)
[2018.02.18-05.46.21:376][677]LogModuleManager: Shutting down and abandoning module PortalRpc (362)
[2018.02.18-05.46.21:376][677]LogModuleManager: Shutting down and abandoning module MessagingRpc (360)
[2018.02.18-05.46.21:376][677]LogModuleManager: Shutting down and abandoning module AIModule (358)
[2018.02.18-05.46.21:376][677]LogModuleManager: Shutting down and abandoning module GameplayDebugger (357)
[2018.02.18-05.46.21:376][677]LogModuleManager: Shutting down and abandoning module AITestSuite (355)
[2018.02.18-05.46.21:376][677]LogModuleManager: Shutting down and abandoning module DesktopPlatform (352)
[2018.02.18-05.46.21:376][677]LogModuleManager: Shutting down and abandoning module ProfilerService (350)
[2018.02.18-05.46.21:466][677]LogModuleManager: Shutting down and abandoning module TaskGraph (348)
[2018.02.18-05.46.21:466][677]LogModuleManager: Shutting down and abandoning module SteamVRController (346)
[2018.02.18-05.46.21:466][677]LogModuleManager: Shutting down and abandoning module ProceduralMeshComponentEditor (344)
[2018.02.18-05.46.21:466][677]LogModuleManager: Shutting down and abandoning module ProceduralMeshComponent (342)
[2018.02.18-05.46.21:466][677]LogModuleManager: Shutting down and abandoning module OculusInput (340)
[2018.02.18-05.46.21:466][677]LogModuleManager: Shutting down and abandoning module MobilePatchingUtils (338)
[2018.02.18-05.46.21:466][677]LogModuleManager: Shutting down and abandoning module CustomMeshComponent (336)
[2018.02.18-05.46.21:466][677]LogModuleManager: Shutting down and abandoning module CableComponent (334)
[2018.02.18-05.46.21:466][677]LogModuleManager: Shutting down and abandoning module ArchVisCharacter (332)
[2018.02.18-05.46.21:466][677]LogModuleManager: Shutting down and abandoning module AndroidPermission (330)
[2018.02.18-05.46.21:466][677]LogModuleManager: Shutting down and abandoning module ActorSequence (326)
[2018.02.18-05.46.21:466][677]LogModuleManager: Shutting down and abandoning module MediaPlayerEditor (324)
[2018.02.18-05.46.21:466][677]LogModuleManager: Shutting down and abandoning module MediaCompositingEditor (322)
[2018.02.18-05.46.21:466][677]LogModuleManager: Shutting down and abandoning module MediaCompositing (320)
[2018.02.18-05.46.21:466][677]LogModuleManager: Shutting down and abandoning module RawInput (318)
[2018.02.18-05.46.21:466][677]LogModuleManager: Shutting down and abandoning module HTML5Networking (316)
[2018.02.18-05.46.21:466][677]LogModuleManager: Shutting down and abandoning module AlembicImporter (314)
[2018.02.18-05.46.21:466][677]LogModuleManager: Shutting down and abandoning module AlembicLibrary (313)
[2018.02.18-05.46.21:466][677]LogModuleManager: Shutting down and abandoning module GeometryCache (312)
[2018.02.18-05.46.21:466][677]LogModuleManager: Shutting down and abandoning module GeometryCacheEd (311)
[2018.02.18-05.46.21:466][677]LogModuleManager: Shutting down and abandoning module SpeedTreeImporter (306)
[2018.02.18-05.46.21:466][677]LogModuleManager: Shutting down and abandoning module PluginBrowser (304)
[2018.02.18-05.46.21:466][677]LogModuleManager: Shutting down and abandoning module MobileLauncherProfileWizard (302)
[2018.02.18-05.46.21:466][677]LogModuleManager: Shutting down and abandoning module VisualStudioSourceCodeAccess (300)
[2018.02.18-05.46.21:466][677]LogModuleManager: Shutting down and abandoning module VisualStudioCodeSourceCodeAccess (298)
[2018.02.18-05.46.21:466][677]LogModuleManager: Shutting down and abandoning module UObjectPlugin (296)
[2018.02.18-05.46.21:466][677]LogModuleManager: Shutting down and abandoning module SubversionSourceControl (294)
[2018.02.18-05.46.21:466][677]LogModuleManager: Shutting down and abandoning module PerforceSourceControl (292)
[2018.02.18-05.46.21:467][677]LogModuleManager: Shutting down and abandoning module GitSourceControl (290)
[2018.02.18-05.46.21:467][677]LogModuleManager: Shutting down and abandoning module SourceControl (289)
[2018.02.18-05.46.21:467][677]LogModuleManager: Shutting down and abandoning module LightPropagationVolumeEditor (286)
[2018.02.18-05.46.21:467][677]LogModuleManager: Shutting down and abandoning module PaperTiledImporter (284)
[2018.02.18-05.46.21:467][677]LogModuleManager: Shutting down and abandoning module PaperSpriteSheetImporter (282)
[2018.02.18-05.46.21:467][677]LogModuleManager: Shutting down and abandoning module Paper2DEditor (280)
[2018.02.18-05.46.21:467][677]LogModuleManager: Shutting down and abandoning module MeshPaint (279)
[2018.02.18-05.46.21:467][677]LogModuleManager: Shutting down and abandoning module LevelEditor (277)
[2018.02.18-05.46.21:468][677]LogModuleManager: Shutting down and abandoning module PixelInspectorModule (276)
[2018.02.18-05.46.21:468][677]LogModuleManager: Shutting down and abandoning module MainFrame (274)
[2018.02.18-05.46.21:468][677]LogModuleManager: Shutting down and abandoning module HotReload (273)
[2018.02.18-05.46.21:469][677]LogModuleManager: Shutting down and abandoning module RuntimePhysXCooking (268)
[2018.02.18-05.46.21:469][677]LogModuleManager: Shutting down and abandoning module PhysXVehiclesEditor (266)
[2018.02.18-05.46.21:469][677]LogModuleManager: Shutting down and abandoning module PhysXVehicles (264)
[2018.02.18-05.46.21:469][677]LogModuleManager: Shutting down and abandoning module OculusEditor (262)
[2018.02.18-05.46.21:469][677]LogModuleManager: Shutting down and abandoning module LocationServicesBPLibrary (260)
[2018.02.18-05.46.21:469][677]LogModuleManager: Shutting down and abandoning module ImmediatePhysicsEditor (258)
[2018.02.18-05.46.21:469][677]LogModuleManager: Shutting down and abandoning module ImmediatePhysics (256)
[2018.02.18-05.46.21:469][677]LogModuleManager: Shutting down and abandoning module UdpMessaging (254)
[2018.02.18-05.46.21:570][677]LogModuleManager: Shutting down and abandoning module TcpMessaging (252)
[2018.02.18-05.46.21:671][677]LogModuleManager: Shutting down and abandoning module GameplayTagsEditor (250)
[2018.02.18-05.46.21:671][677]LogModuleManager: Shutting down and abandoning module FacialAnimationEditor (248)
[2018.02.18-05.46.21:671][677]LogModuleManager: Shutting down and abandoning module FacialAnimation (246)
[2018.02.18-05.46.21:671][677]LogModuleManager: Shutting down and abandoning module AssetManagerEditor (244)
[2018.02.18-05.46.21:671][677]LogModuleManager: Shutting down and abandoning module GraphEditor (243)
[2018.02.18-05.46.21:671][677]LogModuleManager: Shutting down and abandoning module ContentBrowser (241)
[2018.02.18-05.46.21:672][677]LogModuleManager: Shutting down and abandoning module LightPropagationVolumeRuntime (238)
[2018.02.18-05.46.21:672][677]LogModuleManager: Shutting down and abandoning module Paper2D (236)
[2018.02.18-05.46.21:672][677]LogModuleManager: Shutting down and abandoning module WindowsMoviePlayer (234)
[2018.02.18-05.46.21:672][677]LogModuleManager: Shutting down and abandoning module WmfMedia (232)
[2018.02.18-05.46.21:674][677]LogModuleManager: Shutting down and abandoning module ImgMedia (230)
[2018.02.18-05.46.21:674][677]LogModuleManager: Shutting down and abandoning module PacketHandler (228)
[2018.02.18-05.46.21:674][677]LogModuleManager: Shutting down and abandoning module ClothingSystemEditor (226)
[2018.02.18-05.46.21:674][677]LogModuleManager: Shutting down and abandoning module ClothingSystemRuntime (224)
[2018.02.18-05.46.21:674][677]LogModuleManager: Shutting down and abandoning module MediaAssets (222)
[2018.02.18-05.46.21:674][677]LogModuleManager: Shutting down and abandoning module Media (221)
[2018.02.18-05.46.21:681][677]LogModuleManager: Shutting down and abandoning module Overlay (218)
[2018.02.18-05.46.21:681][677]LogModuleManager: Shutting down and abandoning module OverlayEditor (217)
[2018.02.18-05.46.21:681][677]LogModuleManager: Shutting down and abandoning module VREditor (214)
[2018.02.18-05.46.21:681][677]LogModuleManager: Shutting down and abandoning module StringTableEditor (212)
[2018.02.18-05.46.21:681][677]LogModuleManager: Shutting down and abandoning module GameplayTasksEditor (210)
[2018.02.18-05.46.21:681][677]LogModuleManager: Shutting down and abandoning module BehaviorTreeEditor (208)
[2018.02.18-05.46.21:681][677]LogModuleManager: Shutting down and abandoning module FunctionalTesting (206)
[2018.02.18-05.46.21:681][677]LogModuleManager: Shutting down and abandoning module CollisionAnalyzer (204)
[2018.02.18-05.46.21:681][677]LogModuleManager: Shutting down and abandoning module WorkspaceMenuStructure (203)
[2018.02.18-05.46.21:681][677]LogModuleManager: Shutting down and abandoning module UMG (200)
[2018.02.18-05.46.21:681][677]LogModuleManager: Shutting down and abandoning module UMGEditor (199)
[2018.02.18-05.46.21:681][677]LogModuleManager: Shutting down and abandoning module Sequencer (198)
[2018.02.18-05.46.21:681][677]LogModuleManager: Shutting down and abandoning module MessageLog (195)
[2018.02.18-05.46.21:681][677]LogModuleManager: Shutting down and abandoning module SlateReflector (190)
[2018.02.18-05.46.21:681][677]LogModuleManager: Shutting down and abandoning module Slate (188)
[2018.02.18-05.46.21:681][677]LogModuleManager: Shutting down and abandoning module EditorStyle (186)
[2018.02.18-05.46.21:685][677]LogModuleManager: Shutting down and abandoning module MRMesh (184)
[2018.02.18-05.46.21:686][677]LogModuleManager: Shutting down and abandoning module SourceCodeAccess (182)
[2018.02.18-05.46.21:686][677]LogModuleManager: Shutting down and abandoning module HeadMountedDisplay (180)
[2018.02.18-05.46.21:686][677]LogModuleManager: Shutting down and abandoning module XAudio2 (178)
[2018.02.18-05.46.21:686][677]LogModuleManager: Shutting down and abandoning module Networking (176)
[2018.02.18-05.46.21:686][677]LogModuleManager: Shutting down and abandoning module Core (172)
[2018.02.18-05.46.21:686][677]LogModuleManager: Shutting down and abandoning module LevelSequence (168)
[2018.02.18-05.46.21:686][677]LogModuleManager: Shutting down and abandoning module DirectoryWatcher (166)
[2018.02.18-05.46.21:686][677]LogModuleManager: Shutting down and abandoning module KismetCompiler (164)
[2018.02.18-05.46.21:686][677]LogModuleManager: Shutting down and abandoning module MeshUtilities (162)
[2018.02.18-05.46.21:686][677]LogModuleManager: Shutting down and abandoning module MeshMergeUtilities (161)
[2018.02.18-05.46.21:686][677]LogModuleManager: Shutting down and abandoning module MeshReductionInterface (160)
[2018.02.18-05.46.21:686][677]LogModuleManager: Shutting down and abandoning module SimplygonSwarm (159)
[2018.02.18-05.46.21:686][677]LogModuleManager: Shutting down and abandoning module SimplygonMeshReduction (157)
[2018.02.18-05.46.21:687][677]LogModuleManager: Shutting down and abandoning module QuadricMeshReduction (155)
[2018.02.18-05.46.21:687][677]LogModuleManager: Shutting down and abandoning module MaterialBaking (151)
[2018.02.18-05.46.21:687][677]LogModuleManager: Shutting down and abandoning module DerivedDataCache (148)
[2018.02.18-05.46.21:695][677]LogDerivedDataCache: Shutdown
[2018.02.18-05.46.21:695][677]LogModuleManager: Shutting down and abandoning module TargetPlatform (146)
[2018.02.18-05.46.21:695][677]LogModuleManager: Shutting down and abandoning module VulkanShaderFormat (145)
[2018.02.18-05.46.21:695][677]LogModuleManager: Shutting down and abandoning module ShaderFormatVectorVM (143)
[2018.02.18-05.46.21:695][677]LogModuleManager: Shutting down and abandoning module ShaderFormatOpenGL (141)
[2018.02.18-05.46.21:695][677]LogModuleManager: Shutting down and abandoning module ShaderFormatD3D (139)
[2018.02.18-05.46.21:695][677]LogModuleManager: Shutting down and abandoning module MetalShaderFormat (137)
[2018.02.18-05.46.21:695][677]LogModuleManager: Shutting down and abandoning module TextureFormatUncompressed (135)
[2018.02.18-05.46.21:695][677]LogModuleManager: Shutting down and abandoning module TextureFormatPVR (133)
[2018.02.18-05.46.21:695][677]LogModuleManager: Shutting down and abandoning module TextureFormatDXT (131)
[2018.02.18-05.46.21:695][677]LogModuleManager: Shutting down and abandoning module TextureFormatIntelISPCTexComp (129)
[2018.02.18-05.46.21:696][677]LogModuleManager: Shutting down and abandoning module TextureFormatASTC (127)
[2018.02.18-05.46.21:696][677]LogModuleManager: Shutting down and abandoning module ImageWrapper (126)
[2018.02.18-05.46.21:696][677]LogModuleManager: Shutting down and abandoning module TextureFormatAndroid (123)
[2018.02.18-05.46.21:696][677]LogModuleManager: Shutting down and abandoning module AudioFormatOpus (121)
[2018.02.18-05.46.21:696][677]LogModuleManager: Shutting down and abandoning module AudioFormatOgg (119)
[2018.02.18-05.46.21:696][677]LogModuleManager: Shutting down and abandoning module AudioFormatADPCM (117)
[2018.02.18-05.46.21:696][677]LogModuleManager: Shutting down and abandoning module LinuxTargetPlatform (115)
[2018.02.18-05.46.21:696][677]LogModuleManager: Shutting down and abandoning module LinuxServerTargetPlatform (113)
[2018.02.18-05.46.21:696][677]LogModuleManager: Shutting down and abandoning module LinuxNoEditorTargetPlatform (111)
[2018.02.18-05.46.21:696][677]LogModuleManager: Shutting down and abandoning module LinuxClientTargetPlatform (109)
[2018.02.18-05.46.21:696][677]LogModuleManager: Shutting down and abandoning module TVOSTargetPlatform (107)
[2018.02.18-05.46.21:696][677]LogModuleManager: Shutting down and abandoning module Messaging (105)
[2018.02.18-05.46.21:696][677]LogModuleManager: Shutting down and abandoning module IOSTargetPlatform (103)
[2018.02.18-05.46.21:696][677]LogModuleManager: Shutting down and abandoning module HTML5TargetPlatform (101)
[2018.02.18-05.46.21:696][677]LogModuleManager: Shutting down and abandoning module AndroidTargetPlatform (99)
[2018.02.18-05.46.21:696][677]LogModuleManager: Shutting down and abandoning module Android_PVRTCTargetPlatform (97)
[2018.02.18-05.46.21:696][677]LogModuleManager: Shutting down and abandoning module Android_MultiTargetPlatform (95)
[2018.02.18-05.46.21:696][677]LogModuleManager: Shutting down and abandoning module Android_ETC2TargetPlatform (93)
[2018.02.18-05.46.21:696][677]LogModuleManager: Shutting down and abandoning module Android_ETC1TargetPlatform (91)
[2018.02.18-05.46.21:696][677]LogModuleManager: Shutting down and abandoning module Android_DXTTargetPlatform (89)
[2018.02.18-05.46.21:696][677]LogModuleManager: Shutting down and abandoning module Android_ATCTargetPlatform (87)
[2018.02.18-05.46.21:696][677]LogModuleManager: Shutting down and abandoning module Android_ASTCTargetPlatform (85)
[2018.02.18-05.46.21:696][677]LogModuleManager: Shutting down and abandoning module WindowsTargetPlatform (83)
[2018.02.18-05.46.21:696][677]LogModuleManager: Shutting down and abandoning module WindowsServerTargetPlatform (81)
[2018.02.18-05.46.21:696][677]LogModuleManager: Shutting down and abandoning module WindowsNoEditorTargetPlatform (79)
[2018.02.18-05.46.21:696][677]LogModuleManager: Shutting down and abandoning module WindowsClientTargetPlatform (77)
[2018.02.18-05.46.21:696][677]LogModuleManager: Shutting down and abandoning module MacTargetPlatform (75)
[2018.02.18-05.46.21:696][677]LogModuleManager: Shutting down and abandoning module MacServerTargetPlatform (73)
[2018.02.18-05.46.21:696][677]LogModuleManager: Shutting down and abandoning module MacNoEditorTargetPlatform (71)
[2018.02.18-05.46.21:696][677]LogModuleManager: Shutting down and abandoning module MacClientTargetPlatform (69)
[2018.02.18-05.46.21:696][677]LogModuleManager: Shutting down and abandoning module AllDesktopTargetPlatform (67)
[2018.02.18-05.46.21:696][677]LogModuleManager: Shutting down and abandoning module InputCore (64)
[2018.02.18-05.46.21:696][677]LogModuleManager: Shutting down and abandoning module Settings (62)
[2018.02.18-05.46.21:696][677]LogModuleManager: Shutting down and abandoning module PhysXCooking (60)
[2018.02.18-05.46.21:696][677]LogModuleManager: Shutting down and abandoning module SteamVR (58)
[2018.02.18-05.46.21:696][677]LogModuleManager: Shutting down and abandoning module OculusHMD (56)
[2018.02.18-05.46.21:696][677]LogModuleManager: Shutting down and abandoning module ExampleDeviceProfileSelector (54)
[2018.02.18-05.46.21:696][677]LogModuleManager: Shutting down and abandoning module AppleARKit (52)
[2018.02.18-05.46.21:696][677]LogModuleManager: Shutting down and abandoning module AugmentedReality (51)
[2018.02.18-05.46.21:696][677]LogModuleManager: Shutting down and abandoning module OnlineBlueprintSupport (48)
[2018.02.18-05.46.21:696][677]LogModuleManager: Shutting down and abandoning module OnlineSubsystem (44)
[2018.02.18-05.46.21:696][677]LogModuleManager: Shutting down and abandoning module XMPP (43)
[2018.02.18-05.46.21:696][677]LogModuleManager: Shutting down and abandoning module HTTP (41)
[2018.02.18-05.46.21:696][677]LogHttp: Display: Http module shutting down, but needs to wait on 1 outstanding Http requests:
[2018.02.18-05.46.21:696][677]LogHttp: Display: 	verb=[POST] url=[https://datarouter.ol.epicgames.com/datarouter/api/v1/public/data?SessionID=%7BC30ABEAC-4408-0A18-F21F-7FB78CC89029%7D&AppID=UEEditor.Rocket.Release&AppVersion=4.18.2-3794801%2B%2B%2BUE4%2BRelease-4.18&UserID=e2dc175c4598aa6f8940e49994b03afb%7C3c6010b2b8a942feaab6316bf1a0fd33%7C95be2b20-8589-4992-8000-1a4b0d21bb54&AppEnvironment=datacollector-binary&UploadType=eteventstream] status=Processing
[2018.02.18-05.46.21:710][677]LogModuleManager: Shutting down and abandoning module SSL (40)
[2018.02.18-05.46.21:711][677]LogModuleManager: Shutting down and abandoning module AnimationModifiers (36)
[2018.02.18-05.46.21:711][677]LogModuleManager: Shutting down and abandoning module PropertyEditor (35)
[2018.02.18-05.46.21:711][677]LogModuleManager: Shutting down and abandoning module AudioEditor (32)
[2018.02.18-05.46.21:711][677]LogModuleManager: Shutting down and abandoning module TextureCompressor (30)
[2018.02.18-05.46.21:711][677]LogModuleManager: Shutting down and abandoning module ShaderCore (28)
[2018.02.18-05.46.21:711][677]LogModuleManager: Shutting down and abandoning module Landscape (26)
[2018.02.18-05.46.21:711][677]LogModuleManager: Shutting down and abandoning module SlateRHIRenderer (24)
[2018.02.18-05.46.21:712][677]LogModuleManager: Shutting down and abandoning module OpenGLDrv (22)
[2018.02.18-05.46.21:712][677]LogModuleManager: Shutting down and abandoning module D3D11RHI (20)
[2018.02.18-05.46.21:712][677]LogModuleManager: Shutting down and abandoning module AnimGraphRuntime (18)
[2018.02.18-05.46.21:713][677]LogModuleManager: Shutting down and abandoning module Renderer (16)
[2018.02.18-05.46.21:713][677]LogModuleManager: Shutting down and abandoning module Engine (14)
[2018.02.18-05.46.21:713][677]LogModuleManager: Shutting down and abandoning module CoreUObject (12)
[2018.02.18-05.46.21:713][677]LogModuleManager: Shutting down and abandoning module NetworkFile (10)
[2018.02.18-05.46.21:713][677]LogModuleManager: Shutting down and abandoning module CookedIterativeFile (8)
[2018.02.18-05.46.21:713][677]LogModuleManager: Shutting down and abandoning module StreamingFile (6)
[2018.02.18-05.46.21:713][677]LogModuleManager: Shutting down and abandoning module SandboxFile (4)
[2018.02.18-05.46.21:713][677]LogModuleManager: Shutting down and abandoning module PakFile (2)
[2018.02.18-05.46.21:716][677]LogExit: Exiting.
[2018.02.18-05.46.21:730][677]Log file closed, 02/18/18 00:46:21
